[0.050s] Invoking command in '/home/phet/formation_turtlebot/build/turtlebot3_node': CMAKE_PREFIX_PATH=${CMAKE_PREFIX_PATH}:/home/phet/formation_turtlebot/install/turtlebot3_teleop:/home/phet/formation_turtlebot/install/turtlebot3_example:/home/phet/install/examples_rclpy_minimal_action_server:/home/phet/install/examples_rclpy_minimal_action_client:/home/phet/install/examples_rclpy_guard_conditions:/home/phet/install/examples_rclpy_executors:/opt/ros/humble /usr/bin/cmake /home/phet/formation_turtlebot/src/turtlebot3_node -DCMAKE_INSTALL_PREFIX=/home/phet/formation_turtlebot/install/turtlebot3_node
[0.587s] -- The C compiler identification is GNU 11.4.0
[0.587s] -- The CXX compiler identification is GNU 11.4.0
[0.587s] -- Detecting C compiler ABI info
[0.587s] -- Detecting C compiler ABI info - done
[0.587s] -- Check for working C compiler: /usr/bin/cc - skipped
[0.588s] -- Detecting C compile features
[0.588s] -- Detecting C compile features - done
[0.588s] -- Detecting CXX compiler ABI info
[0.588s] -- Detecting CXX compiler ABI info - done
[0.588s] -- Check for working CXX compiler: /usr/bin/c++ - skipped
[0.588s] -- Detecting CXX compile features
[0.588s] -- Detecting CXX compile features - done
[0.588s] -- Found ament_cmake: 1.3.11 (/opt/ros/humble/share/ament_cmake/cmake)
[0.588s] -- Found Python3: /usr/bin/python3 (found version "3.10.12") found components: Interpreter 
[0.642s] -- Found dynamixel_sdk: 3.7.60 (/opt/ros/humble/share/dynamixel_sdk/cmake)
[0.649s] -- Found geometry_msgs: 4.2.4 (/opt/ros/humble/share/geometry_msgs/cmake)
[0.729s] -- Found rosidl_generator_c: 3.1.6 (/opt/ros/humble/share/rosidl_generator_c/cmake)
[0.742s] -- Found rosidl_adapter: 3.1.6 (/opt/ros/humble/share/rosidl_adapter/cmake)
[0.758s] -- Found rosidl_generator_cpp: 3.1.6 (/opt/ros/humble/share/rosidl_generator_cpp/cmake)
[0.779s] -- Using all available rosidl_typesupport_c: rosidl_typesupport_fastrtps_c;rosidl_typesupport_introspection_c
[0.808s] -- Using all available rosidl_typesupport_cpp: rosidl_typesupport_fastrtps_cpp;rosidl_typesupport_introspection_cpp
[0.854s] -- Found message_filters: 4.3.5 (/opt/ros/humble/share/message_filters/cmake)
[0.944s] -- Found rmw_implementation_cmake: 6.1.2 (/opt/ros/humble/share/rmw_implementation_cmake/cmake)
[0.952s] -- Found rmw_fastrtps_cpp: 6.2.7 (/opt/ros/humble/share/rmw_fastrtps_cpp/cmake)
[1.079s] -- Found OpenSSL: /usr/lib/x86_64-linux-gnu/libcrypto.so (found version "3.0.2")  
[1.113s] -- Found FastRTPS: /opt/ros/humble/include  
[1.166s] -- Using RMW implementation 'rmw_fastrtps_cpp' as default
[1.185s] -- Looking for pthread.h
[1.255s] -- Looking for pthread.h - found
[1.255s] -- Performing Test CMAKE_HAVE_LIBC_PTHREAD
[1.326s] -- Performing Test CMAKE_HAVE_LIBC_PTHREAD - Success
[1.327s] -- Found Threads: TRUE  
[1.372s] -- Found nav_msgs: 4.2.4 (/opt/ros/humble/share/nav_msgs/cmake)
[1.389s] -- Found sensor_msgs: 4.2.4 (/opt/ros/humble/share/sensor_msgs/cmake)
[1.410s] -- Found std_srvs: 4.2.4 (/opt/ros/humble/share/std_srvs/cmake)
[1.424s] -- Found tf2: 0.25.12 (/opt/ros/humble/share/tf2/cmake)
[1.442s] -- Found tf2_ros: 0.25.12 (/opt/ros/humble/share/tf2_ros/cmake)
[1.552s] -- Found turtlebot3_msgs: 2.2.3 (/opt/ros/humble/share/turtlebot3_msgs/cmake)
[1.649s] -- Configuring done
[1.663s] -- Generating done
[1.668s] -- Build files have been written to: /home/phet/formation_turtlebot/build/turtlebot3_node
[1.680s] Invoked command in '/home/phet/formation_turtlebot/build/turtlebot3_node' returned '0': CMAKE_PREFIX_PATH=${CMAKE_PREFIX_PATH}:/home/phet/formation_turtlebot/install/turtlebot3_teleop:/home/phet/formation_turtlebot/install/turtlebot3_example:/home/phet/install/examples_rclpy_minimal_action_server:/home/phet/install/examples_rclpy_minimal_action_client:/home/phet/install/examples_rclpy_guard_conditions:/home/phet/install/examples_rclpy_executors:/opt/ros/humble /usr/bin/cmake /home/phet/formation_turtlebot/src/turtlebot3_node -DCMAKE_INSTALL_PREFIX=/home/phet/formation_turtlebot/install/turtlebot3_node
[1.682s] Invoking command in '/home/phet/formation_turtlebot/build/turtlebot3_node': CMAKE_PREFIX_PATH=${CMAKE_PREFIX_PATH}:/home/phet/formation_turtlebot/install/turtlebot3_teleop:/home/phet/formation_turtlebot/install/turtlebot3_example:/home/phet/install/examples_rclpy_minimal_action_server:/home/phet/install/examples_rclpy_minimal_action_client:/home/phet/install/examples_rclpy_guard_conditions:/home/phet/install/examples_rclpy_executors:/opt/ros/humble /usr/bin/cmake --build /home/phet/formation_turtlebot/build/turtlebot3_node -- -j16 -l16
[1.737s] [ 50%] [32mBuilding CXX object CMakeFiles/turtlebot3_node_lib.dir/src/turtlebot3.cpp.o[0m
[1.737s] [ 50%] [32mBuilding CXX object CMakeFiles/turtlebot3_node_lib.dir/src/devices/motor_power.cpp.o[0m
[1.737s] [ 50%] [32mBuilding CXX object CMakeFiles/turtlebot3_node_lib.dir/src/dynamixel_sdk_wrapper.cpp.o[0m
[1.737s] [ 50%] [32mBuilding CXX object CMakeFiles/turtlebot3_node_lib.dir/src/odometry.cpp.o[0m
[1.737s] [ 50%] [32mBuilding CXX object CMakeFiles/turtlebot3_node_lib.dir/src/sensors/battery_state.cpp.o[0m
[1.737s] [ 50%] [32mBuilding CXX object CMakeFiles/turtlebot3_node_lib.dir/src/devices/sound.cpp.o[0m
[1.738s] [ 50%] [32mBuilding CXX object CMakeFiles/turtlebot3_node_lib.dir/src/devices/reset.cpp.o[0m
[1.738s] [ 64%] [32mBuilding CXX object CMakeFiles/turtlebot3_node_lib.dir/src/sensors/imu.cpp.o[0m
[1.738s] [ 64%] [32mBuilding CXX object CMakeFiles/turtlebot3_node_lib.dir/src/sensors/joint_state.cpp.o[0m
[1.738s] [ 71%] [32mBuilding CXX object CMakeFiles/turtlebot3_node_lib.dir/src/diff_drive_controller.cpp.o[0m
[1.739s] [ 78%] [32mBuilding CXX object CMakeFiles/turtlebot3_node_lib.dir/src/sensors/sensor_state.cpp.o[0m
[13.609s] [ 85%] [32m[1mLinking CXX static library libturtlebot3_node_lib.a[0m
[14.237s] [ 85%] Built target turtlebot3_node_lib
[14.261s] [ 92%] [32mBuilding CXX object CMakeFiles/turtlebot3_ros.dir/src/node_main.cpp.o[0m
[16.864s] [100%] [32m[1mLinking CXX executable turtlebot3_ros[0m
[18.659s] [100%] Built target turtlebot3_ros
[18.671s] Invoked command in '/home/phet/formation_turtlebot/build/turtlebot3_node' returned '0': CMAKE_PREFIX_PATH=${CMAKE_PREFIX_PATH}:/home/phet/formation_turtlebot/install/turtlebot3_teleop:/home/phet/formation_turtlebot/install/turtlebot3_example:/home/phet/install/examples_rclpy_minimal_action_server:/home/phet/install/examples_rclpy_minimal_action_client:/home/phet/install/examples_rclpy_guard_conditions:/home/phet/install/examples_rclpy_executors:/opt/ros/humble /usr/bin/cmake --build /home/phet/formation_turtlebot/build/turtlebot3_node -- -j16 -l16
[18.673s] Invoking command in '/home/phet/formation_turtlebot/build/turtlebot3_node': CMAKE_PREFIX_PATH=${CMAKE_PREFIX_PATH}:/home/phet/formation_turtlebot/install/turtlebot3_teleop:/home/phet/formation_turtlebot/install/turtlebot3_example:/home/phet/install/examples_rclpy_minimal_action_server:/home/phet/install/examples_rclpy_minimal_action_client:/home/phet/install/examples_rclpy_guard_conditions:/home/phet/install/examples_rclpy_executors:/opt/ros/humble /usr/bin/cmake --install /home/phet/formation_turtlebot/build/turtlebot3_node
[18.680s] -- Install configuration: ""
[18.680s] -- Installing: /home/phet/formation_turtlebot/install/turtlebot3_node/share/turtlebot3_node/param
[18.680s] -- Installing: /home/phet/formation_turtlebot/install/turtlebot3_node/share/turtlebot3_node/param/waffle_pi.yaml
[18.680s] -- Installing: /home/phet/formation_turtlebot/install/turtlebot3_node/share/turtlebot3_node/param/waffle.yaml
[18.681s] -- Installing: /home/phet/formation_turtlebot/install/turtlebot3_node/share/turtlebot3_node/param/burger.yaml
[18.681s] -- Installing: /home/phet/formation_turtlebot/install/turtlebot3_node/lib/turtlebot3_node/turtlebot3_ros
[18.693s] -- Set runtime path of "/home/phet/formation_turtlebot/install/turtlebot3_node/lib/turtlebot3_node/turtlebot3_ros" to ""
[18.693s] -- Installing: /home/phet/formation_turtlebot/install/turtlebot3_node/share/ament_index/resource_index/package_run_dependencies/turtlebot3_node
[18.693s] -- Installing: /home/phet/formation_turtlebot/install/turtlebot3_node/share/ament_index/resource_index/parent_prefix_path/turtlebot3_node
[18.693s] -- Installing: /home/phet/formation_turtlebot/install/turtlebot3_node/share/turtlebot3_node/environment/ament_prefix_path.sh
[18.693s] -- Installing: /home/phet/formation_turtlebot/install/turtlebot3_node/share/turtlebot3_node/environment/ament_prefix_path.dsv
[18.693s] -- Installing: /home/phet/formation_turtlebot/install/turtlebot3_node/share/turtlebot3_node/environment/path.sh
[18.693s] -- Installing: /home/phet/formation_turtlebot/install/turtlebot3_node/share/turtlebot3_node/environment/path.dsv
[18.693s] -- Installing: /home/phet/formation_turtlebot/install/turtlebot3_node/share/turtlebot3_node/local_setup.bash
[18.694s] -- Installing: /home/phet/formation_turtlebot/install/turtlebot3_node/share/turtlebot3_node/local_setup.sh
[18.694s] -- Installing: /home/phet/formation_turtlebot/install/turtlebot3_node/share/turtlebot3_node/local_setup.zsh
[18.694s] -- Installing: /home/phet/formation_turtlebot/install/turtlebot3_node/share/turtlebot3_node/local_setup.dsv
[18.694s] -- Installing: /home/phet/formation_turtlebot/install/turtlebot3_node/share/turtlebot3_node/package.dsv
[18.694s] -- Installing: /home/phet/formation_turtlebot/install/turtlebot3_node/share/ament_index/resource_index/packages/turtlebot3_node
[18.694s] -- Installing: /home/phet/formation_turtlebot/install/turtlebot3_node/share/turtlebot3_node/cmake/ament_cmake_export_include_directories-extras.cmake
[18.694s] -- Installing: /home/phet/formation_turtlebot/install/turtlebot3_node/share/turtlebot3_node/cmake/turtlebot3_nodeConfig.cmake
[18.694s] -- Installing: /home/phet/formation_turtlebot/install/turtlebot3_node/share/turtlebot3_node/cmake/turtlebot3_nodeConfig-version.cmake
[18.694s] -- Installing: /home/phet/formation_turtlebot/install/turtlebot3_node/share/turtlebot3_node/package.xml
[18.697s] Invoked command in '/home/phet/formation_turtlebot/build/turtlebot3_node' returned '0': CMAKE_PREFIX_PATH=${CMAKE_PREFIX_PATH}:/home/phet/formation_turtlebot/install/turtlebot3_teleop:/home/phet/formation_turtlebot/install/turtlebot3_example:/home/phet/install/examples_rclpy_minimal_action_server:/home/phet/install/examples_rclpy_minimal_action_client:/home/phet/install/examples_rclpy_guard_conditions:/home/phet/install/examples_rclpy_executors:/opt/ros/humble /usr/bin/cmake --install /home/phet/formation_turtlebot/build/turtlebot3_node
