/home/phet/formation_turtlebot/install/turtlebot3_example/lib/python3.10/site-packages/turtlebot3_example/__init__.py
/home/phet/formation_turtlebot/install/turtlebot3_example/lib/python3.10/site-packages/turtlebot3_example/turtlebot3_position_control/__init__.py
/home/phet/formation_turtlebot/install/turtlebot3_example/lib/python3.10/site-packages/turtlebot3_example/turtlebot3_position_control/turtlebot3_position_control_pointop_key.py
/home/phet/formation_turtlebot/install/turtlebot3_example/lib/python3.10/site-packages/turtlebot3_example/turtlebot3_obstacle_detection/turtlebot3_obstacle_detection.py
/home/phet/formation_turtlebot/install/turtlebot3_example/lib/python3.10/site-packages/turtlebot3_example/turtlebot3_obstacle_detection/__init__.py
/home/phet/formation_turtlebot/install/turtlebot3_example/lib/python3.10/site-packages/turtlebot3_example/turtlebot3_patrol/turtlebot3_patrol_client.py
/home/phet/formation_turtlebot/install/turtlebot3_example/lib/python3.10/site-packages/turtlebot3_example/turtlebot3_patrol/__init__.py
/home/phet/formation_turtlebot/install/turtlebot3_example/lib/python3.10/site-packages/turtlebot3_example/turtlebot3_patrol/turtlebot3_patrol_server.py
/home/phet/formation_turtlebot/install/turtlebot3_example/lib/python3.10/site-packages/turtlebot3_example/turtlebot3_interactive_marker/__init__.py
/home/phet/formation_turtlebot/install/turtlebot3_example/lib/python3.10/site-packages/turtlebot3_example/turtlebot3_interactive_marker/turtlebot3_interactive_marker.py
/home/phet/formation_turtlebot/install/turtlebot3_example/lib/python3.10/site-packages/turtlebot3_example/__pycache__/__init__.cpython-310.pyc
/home/phet/formation_turtlebot/install/turtlebot3_example/lib/python3.10/site-packages/turtlebot3_example/turtlebot3_position_control/__pycache__/__init__.cpython-310.pyc
/home/phet/formation_turtlebot/install/turtlebot3_example/lib/python3.10/site-packages/turtlebot3_example/turtlebot3_position_control/__pycache__/turtlebot3_position_control_pointop_key.cpython-310.pyc
/home/phet/formation_turtlebot/install/turtlebot3_example/lib/python3.10/site-packages/turtlebot3_example/turtlebot3_obstacle_detection/__pycache__/turtlebot3_obstacle_detection.cpython-310.pyc
/home/phet/formation_turtlebot/install/turtlebot3_example/lib/python3.10/site-packages/turtlebot3_example/turtlebot3_obstacle_detection/__pycache__/__init__.cpython-310.pyc
/home/phet/formation_turtlebot/install/turtlebot3_example/lib/python3.10/site-packages/turtlebot3_example/turtlebot3_patrol/__pycache__/turtlebot3_patrol_client.cpython-310.pyc
/home/phet/formation_turtlebot/install/turtlebot3_example/lib/python3.10/site-packages/turtlebot3_example/turtlebot3_patrol/__pycache__/__init__.cpython-310.pyc
/home/phet/formation_turtlebot/install/turtlebot3_example/lib/python3.10/site-packages/turtlebot3_example/turtlebot3_patrol/__pycache__/turtlebot3_patrol_server.cpython-310.pyc
/home/phet/formation_turtlebot/install/turtlebot3_example/lib/python3.10/site-packages/turtlebot3_example/turtlebot3_interactive_marker/__pycache__/__init__.cpython-310.pyc
/home/phet/formation_turtlebot/install/turtlebot3_example/lib/python3.10/site-packages/turtlebot3_example/turtlebot3_interactive_marker/__pycache__/turtlebot3_interactive_marker.cpython-310.pyc
/home/phet/formation_turtlebot/install/turtlebot3_example/share/ament_index/resource_index/packages/turtlebot3_example
/home/phet/formation_turtlebot/install/turtlebot3_example/share/turtlebot3_example/package.xml
/home/phet/formation_turtlebot/install/turtlebot3_example/lib/python3.10/site-packages/turtlebot3_example-2.2.5-py3.10.egg-info/zip-safe
/home/phet/formation_turtlebot/install/turtlebot3_example/lib/python3.10/site-packages/turtlebot3_example-2.2.5-py3.10.egg-info/entry_points.txt
/home/phet/formation_turtlebot/install/turtlebot3_example/lib/python3.10/site-packages/turtlebot3_example-2.2.5-py3.10.egg-info/dependency_links.txt
/home/phet/formation_turtlebot/install/turtlebot3_example/lib/python3.10/site-packages/turtlebot3_example-2.2.5-py3.10.egg-info/requires.txt
/home/phet/formation_turtlebot/install/turtlebot3_example/lib/python3.10/site-packages/turtlebot3_example-2.2.5-py3.10.egg-info/SOURCES.txt
/home/phet/formation_turtlebot/install/turtlebot3_example/lib/python3.10/site-packages/turtlebot3_example-2.2.5-py3.10.egg-info/top_level.txt
/home/phet/formation_turtlebot/install/turtlebot3_example/lib/python3.10/site-packages/turtlebot3_example-2.2.5-py3.10.egg-info/PKG-INFO
/home/phet/formation_turtlebot/install/turtlebot3_example/lib/turtlebot3_example/turtlebot3_interactive_marker
/home/phet/formation_turtlebot/install/turtlebot3_example/lib/turtlebot3_example/turtlebot3_obstacle_detection
/home/phet/formation_turtlebot/install/turtlebot3_example/lib/turtlebot3_example/turtlebot3_patrol_client
/home/phet/formation_turtlebot/install/turtlebot3_example/lib/turtlebot3_example/turtlebot3_patrol_server
/home/phet/formation_turtlebot/install/turtlebot3_example/lib/turtlebot3_example/turtlebot3_position_control_pointop_key
