[0.889s] Invoking command in '/home/phet/formation_turtlebot/src/turtlebot3_example': PYTHONPATH=/home/phet/formation_turtlebot/build/turtlebot3_example/prefix_override:/usr/lib/python3/dist-packages/colcon_core/task/python/colcon_distutils_commands:/home/phet/formation_turtlebot/install/turtlebot3_example/lib/python3.10/site-packages:${PYTHONPATH} /usr/bin/python3 -W ignore:setup.py install is deprecated -W ignore:easy_install command is deprecated setup.py egg_info --egg-base ../../build/turtlebot3_example build --build-base /home/phet/formation_turtlebot/build/turtlebot3_example/build install --record /home/phet/formation_turtlebot/build/turtlebot3_example/install.log --single-version-externally-managed install_data
[1.109s] running egg_info
[1.110s] writing ../../build/turtlebot3_example/turtlebot3_example.egg-info/PKG-INFO
[1.110s] writing dependency_links to ../../build/turtlebot3_example/turtlebot3_example.egg-info/dependency_links.txt
[1.110s] writing entry points to ../../build/turtlebot3_example/turtlebot3_example.egg-info/entry_points.txt
[1.110s] writing requirements to ../../build/turtlebot3_example/turtlebot3_example.egg-info/requires.txt
[1.111s] writing top-level names to ../../build/turtlebot3_example/turtlebot3_example.egg-info/top_level.txt
[1.112s] reading manifest file '../../build/turtlebot3_example/turtlebot3_example.egg-info/SOURCES.txt'
[1.113s] writing manifest file '../../build/turtlebot3_example/turtlebot3_example.egg-info/SOURCES.txt'
[1.113s] running build
[1.113s] running build_py
[1.114s] running install
[1.114s] running install_lib
[1.115s] running install_data
[1.115s] running install_egg_info
[1.117s] removing '/home/phet/formation_turtlebot/install/turtlebot3_example/lib/python3.10/site-packages/turtlebot3_example-2.2.5-py3.10.egg-info' (and everything under it)
[1.117s] Copying ../../build/turtlebot3_example/turtlebot3_example.egg-info to /home/phet/formation_turtlebot/install/turtlebot3_example/lib/python3.10/site-packages/turtlebot3_example-2.2.5-py3.10.egg-info
[1.118s] running install_scripts
[1.135s] Installing turtlebot3_interactive_marker script to /home/phet/formation_turtlebot/install/turtlebot3_example/lib/turtlebot3_example
[1.135s] Installing turtlebot3_obstacle_detection script to /home/phet/formation_turtlebot/install/turtlebot3_example/lib/turtlebot3_example
[1.135s] Installing turtlebot3_patrol_client script to /home/phet/formation_turtlebot/install/turtlebot3_example/lib/turtlebot3_example
[1.135s] Installing turtlebot3_patrol_server script to /home/phet/formation_turtlebot/install/turtlebot3_example/lib/turtlebot3_example
[1.135s] Installing turtlebot3_position_control_pointop_key script to /home/phet/formation_turtlebot/install/turtlebot3_example/lib/turtlebot3_example
[1.135s] writing list of installed files to '/home/phet/formation_turtlebot/build/turtlebot3_example/install.log'
[1.163s] Invoked command in '/home/phet/formation_turtlebot/src/turtlebot3_example' returned '0': PYTHONPATH=/home/phet/formation_turtlebot/build/turtlebot3_example/prefix_override:/usr/lib/python3/dist-packages/colcon_core/task/python/colcon_distutils_commands:/home/phet/formation_turtlebot/install/turtlebot3_example/lib/python3.10/site-packages:${PYTHONPATH} /usr/bin/python3 -W ignore:setup.py install is deprecated -W ignore:easy_install command is deprecated setup.py egg_info --egg-base ../../build/turtlebot3_example build --build-base /home/phet/formation_turtlebot/build/turtlebot3_example/build install --record /home/phet/formation_turtlebot/build/turtlebot3_example/install.log --single-version-externally-managed install_data
