[0.526s] Invoking command in '/home/phet/formation_turtlebot/build/leader_bot': CMAKE_PREFIX_PATH=${CMAKE_PREFIX_PATH}:/home/phet/formation_turtlebot/install/turtlebot3_teleop:/home/phet/formation_turtlebot/install/turtlebot3_example:/home/phet/install/examples_rclpy_minimal_action_server:/home/phet/install/examples_rclpy_minimal_action_client:/home/phet/install/examples_rclpy_guard_conditions:/home/phet/install/examples_rclpy_executors:/opt/ros/humble /usr/bin/cmake --build /home/phet/formation_turtlebot/build/leader_bot -- -j16 -l16
[0.547s] -- Found ament_cmake: 1.3.11 (/opt/ros/humble/share/ament_cmake/cmake)
[0.679s] -- Found rclcpp: 16.0.11 (/opt/ros/humble/share/rclcpp/cmake)
[0.704s] -- Found rosidl_generator_c: 3.1.6 (/opt/ros/humble/share/rosidl_generator_c/cmake)
[0.706s] -- Found rosidl_adapter: 3.1.6 (/opt/ros/humble/share/rosidl_adapter/cmake)
[0.710s] -- Found rosidl_generator_cpp: 3.1.6 (/opt/ros/humble/share/rosidl_generator_cpp/cmake)
[0.718s] -- Using all available rosidl_typesupport_c: rosidl_typesupport_fastrtps_c;rosidl_typesupport_introspection_c
[0.728s] -- Using all available rosidl_typesupport_cpp: rosidl_typesupport_fastrtps_cpp;rosidl_typesupport_introspection_cpp
[0.752s] -- Found rmw_implementation_cmake: 6.1.2 (/opt/ros/humble/share/rmw_implementation_cmake/cmake)
[0.754s] -- Found rmw_fastrtps_cpp: 6.2.7 (/opt/ros/humble/share/rmw_fastrtps_cpp/cmake)
[0.871s] -- Using RMW implementation 'rmw_fastrtps_cpp' as default
[0.906s] -- Found rclpy: 3.3.15 (/opt/ros/humble/share/rclpy/cmake)
[0.906s] -- Found geometry_msgs: 4.2.4 (/opt/ros/humble/share/geometry_msgs/cmake)
[0.915s] -- Found nav_msgs: 4.2.4 (/opt/ros/humble/share/nav_msgs/cmake)
[0.926s] -- Found sensor_msgs: 4.2.4 (/opt/ros/humble/share/sensor_msgs/cmake)
[1.054s] -- Configuring done
[1.062s] -- Generating done
[1.066s] -- Build files have been written to: /home/phet/formation_turtlebot/build/leader_bot
[1.094s] [35m[1mConsolidate compiler generated dependencies of target cpp_node[0m
[1.108s] [100%] Built target cpp_node
[1.113s] [100%] Built target ament_cmake_python_copy_leader_bot
[1.343s] running egg_info
[1.343s] writing leader_bot.egg-info/PKG-INFO
[1.343s] writing dependency_links to leader_bot.egg-info/dependency_links.txt
[1.344s] writing top-level names to leader_bot.egg-info/top_level.txt
[1.345s] reading manifest file 'leader_bot.egg-info/SOURCES.txt'
[1.346s] writing manifest file 'leader_bot.egg-info/SOURCES.txt'
[1.372s] [100%] Built target ament_cmake_python_build_leader_bot_egg
[1.384s] Invoked command in '/home/phet/formation_turtlebot/build/leader_bot' returned '0': CMAKE_PREFIX_PATH=${CMAKE_PREFIX_PATH}:/home/phet/formation_turtlebot/install/turtlebot3_teleop:/home/phet/formation_turtlebot/install/turtlebot3_example:/home/phet/install/examples_rclpy_minimal_action_server:/home/phet/install/examples_rclpy_minimal_action_client:/home/phet/install/examples_rclpy_guard_conditions:/home/phet/install/examples_rclpy_executors:/opt/ros/humble /usr/bin/cmake --build /home/phet/formation_turtlebot/build/leader_bot -- -j16 -l16
[1.385s] Invoking command in '/home/phet/formation_turtlebot/build/leader_bot': CMAKE_PREFIX_PATH=${CMAKE_PREFIX_PATH}:/home/phet/formation_turtlebot/install/turtlebot3_teleop:/home/phet/formation_turtlebot/install/turtlebot3_example:/home/phet/install/examples_rclpy_minimal_action_server:/home/phet/install/examples_rclpy_minimal_action_client:/home/phet/install/examples_rclpy_guard_conditions:/home/phet/install/examples_rclpy_executors:/opt/ros/humble /usr/bin/cmake --install /home/phet/formation_turtlebot/build/leader_bot
[1.392s] -- Install configuration: ""
[1.393s] -- Up-to-date: /home/phet/formation_turtlebot/install/leader_bot/share/leader_bot/environment/pythonpath.sh
[1.393s] -- Installing: /home/phet/formation_turtlebot/install/leader_bot/share/leader_bot/environment/pythonpath.dsv
[1.393s] -- Up-to-date: /home/phet/formation_turtlebot/install/leader_bot/local/lib/python3.10/dist-packages/leader_bot-0.0.1-py3.10.egg-info
[1.393s] -- Installing: /home/phet/formation_turtlebot/install/leader_bot/local/lib/python3.10/dist-packages/leader_bot-0.0.1-py3.10.egg-info/dependency_links.txt
[1.393s] -- Installing: /home/phet/formation_turtlebot/install/leader_bot/local/lib/python3.10/dist-packages/leader_bot-0.0.1-py3.10.egg-info/SOURCES.txt
[1.393s] -- Installing: /home/phet/formation_turtlebot/install/leader_bot/local/lib/python3.10/dist-packages/leader_bot-0.0.1-py3.10.egg-info/top_level.txt
[1.393s] -- Installing: /home/phet/formation_turtlebot/install/leader_bot/local/lib/python3.10/dist-packages/leader_bot-0.0.1-py3.10.egg-info/PKG-INFO
[1.393s] -- Up-to-date: /home/phet/formation_turtlebot/install/leader_bot/local/lib/python3.10/dist-packages/leader_bot
[1.393s] -- Up-to-date: /home/phet/formation_turtlebot/install/leader_bot/local/lib/python3.10/dist-packages/leader_bot/__init__.py
[1.394s] -- Up-to-date: /home/phet/formation_turtlebot/install/leader_bot/local/lib/python3.10/dist-packages/leader_bot/dummy_module.py
[1.423s] Listing '/home/phet/formation_turtlebot/install/leader_bot/local/lib/python3.10/dist-packages/leader_bot'...
[1.427s] -- Up-to-date: /home/phet/formation_turtlebot/install/leader_bot/lib/leader_bot/real_image.py
[1.427s] -- Up-to-date: /home/phet/formation_turtlebot/install/leader_bot/lib/leader_bot/convert_real_image_to_fisheye.py
[1.427s] -- Up-to-date: /home/phet/formation_turtlebot/install/leader_bot/lib/leader_bot/convert_fisheye_to_image.py
[1.427s] -- Up-to-date: /home/phet/formation_turtlebot/install/leader_bot/lib/leader_bot/make_image_to_panorama.py
[1.427s] -- Up-to-date: /home/phet/formation_turtlebot/install/leader_bot/lib/leader_bot/make_image_to_panorama2.py
[1.427s] -- Installing: /home/phet/formation_turtlebot/install/leader_bot/lib/leader_bot/tf_publisher.py
[1.427s] -- Up-to-date: /home/phet/formation_turtlebot/install/leader_bot/lib/leader_bot/cpp_node
[1.428s] -- Up-to-date: /home/phet/formation_turtlebot/install/leader_bot/share/leader_bot/models
[1.428s] -- Up-to-date: /home/phet/formation_turtlebot/install/leader_bot/share/leader_bot/models/turtlebot3_waffle
[1.428s] -- Up-to-date: /home/phet/formation_turtlebot/install/leader_bot/share/leader_bot/models/turtlebot3_waffle/model.sdf
[1.428s] -- Up-to-date: /home/phet/formation_turtlebot/install/leader_bot/share/leader_bot/models/turtlebot3_waffle/model.config
[1.428s] -- Up-to-date: /home/phet/formation_turtlebot/install/leader_bot/share/leader_bot/models/turtlebot3_waffle/model-1_4.sdf
[1.428s] -- Up-to-date: /home/phet/formation_turtlebot/install/leader_bot/share/leader_bot/models/turtlebot3_world
[1.428s] -- Up-to-date: /home/phet/formation_turtlebot/install/leader_bot/share/leader_bot/models/turtlebot3_world/model.sdf
[1.428s] -- Up-to-date: /home/phet/formation_turtlebot/install/leader_bot/share/leader_bot/models/turtlebot3_world/meshes
[1.429s] -- Up-to-date: /home/phet/formation_turtlebot/install/leader_bot/share/leader_bot/models/turtlebot3_world/meshes/hexagon.dae
[1.429s] -- Up-to-date: /home/phet/formation_turtlebot/install/leader_bot/share/leader_bot/models/turtlebot3_world/meshes/wall.dae
[1.429s] -- Up-to-date: /home/phet/formation_turtlebot/install/leader_bot/share/leader_bot/models/turtlebot3_world/model.config
[1.429s] -- Up-to-date: /home/phet/formation_turtlebot/install/leader_bot/share/leader_bot/models/turtlebot3_world/model-1_4.sdf
[1.429s] -- Up-to-date: /home/phet/formation_turtlebot/install/leader_bot/share/leader_bot/models/aruco_marker
[1.429s] -- Up-to-date: /home/phet/formation_turtlebot/install/leader_bot/share/leader_bot/models/aruco_marker/aruco_ID_1.png
[1.429s] -- Up-to-date: /home/phet/formation_turtlebot/install/leader_bot/share/leader_bot/models/aruco_marker/image.dae
[1.429s] -- Up-to-date: /home/phet/formation_turtlebot/install/leader_bot/share/leader_bot/models/aruco_marker/image.png
[1.429s] -- Up-to-date: /home/phet/formation_turtlebot/install/leader_bot/share/leader_bot/models/turtlebot3_waffle_pi
[1.429s] -- Up-to-date: /home/phet/formation_turtlebot/install/leader_bot/share/leader_bot/models/turtlebot3_waffle_pi/model-1_4_.sdf
[1.429s] -- Up-to-date: /home/phet/formation_turtlebot/install/leader_bot/share/leader_bot/models/turtlebot3_waffle_pi/model.sdf
[1.430s] -- Up-to-date: /home/phet/formation_turtlebot/install/leader_bot/share/leader_bot/models/turtlebot3_waffle_pi/model.config
[1.430s] -- Up-to-date: /home/phet/formation_turtlebot/install/leader_bot/share/leader_bot/models/turtlebot3_house
[1.430s] -- Up-to-date: /home/phet/formation_turtlebot/install/leader_bot/share/leader_bot/models/turtlebot3_house/model.sdf
[1.430s] -- Up-to-date: /home/phet/formation_turtlebot/install/leader_bot/share/leader_bot/models/turtlebot3_house/model.config
[1.430s] -- Up-to-date: /home/phet/formation_turtlebot/install/leader_bot/share/leader_bot/models/turtlebot3_common
[1.430s] -- Up-to-date: /home/phet/formation_turtlebot/install/leader_bot/share/leader_bot/models/turtlebot3_common/meshes
[1.430s] -- Up-to-date: /home/phet/formation_turtlebot/install/leader_bot/share/leader_bot/models/turtlebot3_common/meshes/waffle_pi_base.dae
[1.430s] -- Up-to-date: /home/phet/formation_turtlebot/install/leader_bot/share/leader_bot/models/turtlebot3_common/meshes/waffle_base.dae
[1.430s] -- Up-to-date: /home/phet/formation_turtlebot/install/leader_bot/share/leader_bot/models/turtlebot3_common/meshes/burger_base.dae
[1.430s] -- Up-to-date: /home/phet/formation_turtlebot/install/leader_bot/share/leader_bot/models/turtlebot3_common/meshes/wheels
[1.430s] -- Up-to-date: /home/phet/formation_turtlebot/install/leader_bot/share/leader_bot/models/turtlebot3_common/meshes/wheels/right_tire.stl
[1.430s] -- Up-to-date: /home/phet/formation_turtlebot/install/leader_bot/share/leader_bot/models/turtlebot3_common/meshes/wheels/left_tire.stl
[1.430s] -- Up-to-date: /home/phet/formation_turtlebot/install/leader_bot/share/leader_bot/models/turtlebot3_common/meshes/lds.dae
[1.430s] -- Up-to-date: /home/phet/formation_turtlebot/install/leader_bot/share/leader_bot/models/turtlebot3_common/meshes/r200.dae
[1.431s] -- Up-to-date: /home/phet/formation_turtlebot/install/leader_bot/share/leader_bot/models/turtlebot3_common/meshes/bases
[1.431s] -- Up-to-date: /home/phet/formation_turtlebot/install/leader_bot/share/leader_bot/models/turtlebot3_common/meshes/bases/waffle_pi_base.stl
[1.431s] -- Up-to-date: /home/phet/formation_turtlebot/install/leader_bot/share/leader_bot/models/turtlebot3_common/meshes/bases/burger_base.stl
[1.431s] -- Up-to-date: /home/phet/formation_turtlebot/install/leader_bot/share/leader_bot/models/turtlebot3_common/meshes/bases/waffle_base.stl
[1.431s] -- Up-to-date: /home/phet/formation_turtlebot/install/leader_bot/share/leader_bot/models/turtlebot3_common/meshes/sensors
[1.431s] -- Up-to-date: /home/phet/formation_turtlebot/install/leader_bot/share/leader_bot/models/turtlebot3_common/meshes/sensors/astra.jpg
[1.431s] -- Up-to-date: /home/phet/formation_turtlebot/install/leader_bot/share/leader_bot/models/turtlebot3_common/meshes/sensors/r200.jpg
[1.431s] -- Up-to-date: /home/phet/formation_turtlebot/install/leader_bot/share/leader_bot/models/turtlebot3_common/meshes/sensors/r200.dae
[1.431s] -- Up-to-date: /home/phet/formation_turtlebot/install/leader_bot/share/leader_bot/models/turtlebot3_common/meshes/sensors/lds.stl
[1.431s] -- Up-to-date: /home/phet/formation_turtlebot/install/leader_bot/share/leader_bot/models/turtlebot3_common/meshes/sensors/astra.dae
[1.431s] -- Up-to-date: /home/phet/formation_turtlebot/install/leader_bot/share/leader_bot/models/turtlebot3_common/meshes/tire.dae
[1.431s] -- Up-to-date: /home/phet/formation_turtlebot/install/leader_bot/share/leader_bot/models/turtlebot3_common/model.config
[1.431s] -- Up-to-date: /home/phet/formation_turtlebot/install/leader_bot/share/leader_bot/models/turtlebot3_dqn_world
[1.431s] -- Up-to-date: /home/phet/formation_turtlebot/install/leader_bot/share/leader_bot/models/turtlebot3_dqn_world/goal_box
[1.431s] -- Up-to-date: /home/phet/formation_turtlebot/install/leader_bot/share/leader_bot/models/turtlebot3_dqn_world/goal_box/model.sdf
[1.431s] -- Up-to-date: /home/phet/formation_turtlebot/install/leader_bot/share/leader_bot/models/turtlebot3_dqn_world/goal_box/model.config
[1.431s] -- Up-to-date: /home/phet/formation_turtlebot/install/leader_bot/share/leader_bot/models/turtlebot3_dqn_world/obstacle2
[1.431s] -- Up-to-date: /home/phet/formation_turtlebot/install/leader_bot/share/leader_bot/models/turtlebot3_dqn_world/obstacle2/model.sdf
[1.431s] -- Up-to-date: /home/phet/formation_turtlebot/install/leader_bot/share/leader_bot/models/turtlebot3_dqn_world/obstacle2/model.config
[1.431s] -- Up-to-date: /home/phet/formation_turtlebot/install/leader_bot/share/leader_bot/models/turtlebot3_dqn_world/obstacles
[1.431s] -- Up-to-date: /home/phet/formation_turtlebot/install/leader_bot/share/leader_bot/models/turtlebot3_dqn_world/obstacles/model.sdf
[1.432s] -- Up-to-date: /home/phet/formation_turtlebot/install/leader_bot/share/leader_bot/models/turtlebot3_dqn_world/obstacles/model.config
[1.432s] -- Up-to-date: /home/phet/formation_turtlebot/install/leader_bot/share/leader_bot/models/turtlebot3_dqn_world/model.sdf
[1.432s] -- Up-to-date: /home/phet/formation_turtlebot/install/leader_bot/share/leader_bot/models/turtlebot3_dqn_world/inner_walls
[1.432s] -- Up-to-date: /home/phet/formation_turtlebot/install/leader_bot/share/leader_bot/models/turtlebot3_dqn_world/inner_walls/model.sdf
[1.432s] -- Up-to-date: /home/phet/formation_turtlebot/install/leader_bot/share/leader_bot/models/turtlebot3_dqn_world/inner_walls/model.config
[1.432s] -- Up-to-date: /home/phet/formation_turtlebot/install/leader_bot/share/leader_bot/models/turtlebot3_dqn_world/model.config
[1.432s] -- Up-to-date: /home/phet/formation_turtlebot/install/leader_bot/share/leader_bot/models/turtlebot3_dqn_world/obstacle1
[1.432s] -- Up-to-date: /home/phet/formation_turtlebot/install/leader_bot/share/leader_bot/models/turtlebot3_dqn_world/obstacle1/model.sdf
[1.432s] -- Up-to-date: /home/phet/formation_turtlebot/install/leader_bot/share/leader_bot/models/turtlebot3_dqn_world/obstacle1/model.config
[1.432s] -- Up-to-date: /home/phet/formation_turtlebot/install/leader_bot/share/leader_bot/models/turtlebot3_autorace_2020
[1.432s] -- Up-to-date: /home/phet/formation_turtlebot/install/leader_bot/share/leader_bot/models/turtlebot3_autorace_2020/traffic_left
[1.432s] -- Up-to-date: /home/phet/formation_turtlebot/install/leader_bot/share/leader_bot/models/turtlebot3_autorace_2020/traffic_left/model.sdf
[1.432s] -- Up-to-date: /home/phet/formation_turtlebot/install/leader_bot/share/leader_bot/models/turtlebot3_autorace_2020/traffic_left/model.config
[1.432s] -- Up-to-date: /home/phet/formation_turtlebot/install/leader_bot/share/leader_bot/models/turtlebot3_autorace_2020/traffic_left/materials
[1.432s] -- Up-to-date: /home/phet/formation_turtlebot/install/leader_bot/share/leader_bot/models/turtlebot3_autorace_2020/traffic_left/materials/textures
[1.432s] -- Up-to-date: /home/phet/formation_turtlebot/install/leader_bot/share/leader_bot/models/turtlebot3_autorace_2020/traffic_left/materials/textures/traffic_left.png
[1.432s] -- Up-to-date: /home/phet/formation_turtlebot/install/leader_bot/share/leader_bot/models/turtlebot3_autorace_2020/traffic_left/materials/scripts
[1.432s] -- Up-to-date: /home/phet/formation_turtlebot/install/leader_bot/share/leader_bot/models/turtlebot3_autorace_2020/traffic_left/materials/scripts/traffic_is_left.material
[1.432s] -- Up-to-date: /home/phet/formation_turtlebot/install/leader_bot/share/leader_bot/models/turtlebot3_autorace_2020/traffic_pl_left
[1.432s] -- Up-to-date: /home/phet/formation_turtlebot/install/leader_bot/share/leader_bot/models/turtlebot3_autorace_2020/traffic_pl_left/model.sdf
[1.432s] -- Up-to-date: /home/phet/formation_turtlebot/install/leader_bot/share/leader_bot/models/turtlebot3_autorace_2020/traffic_pl_left/model.config
[1.433s] -- Up-to-date: /home/phet/formation_turtlebot/install/leader_bot/share/leader_bot/models/turtlebot3_autorace_2020/traffic_pl_left/materials
[1.433s] -- Up-to-date: /home/phet/formation_turtlebot/install/leader_bot/share/leader_bot/models/turtlebot3_autorace_2020/traffic_pl_left/materials/textures
[1.433s] -- Up-to-date: /home/phet/formation_turtlebot/install/leader_bot/share/leader_bot/models/turtlebot3_autorace_2020/traffic_pl_left/materials/textures/traffic_pl_left.png
[1.433s] -- Up-to-date: /home/phet/formation_turtlebot/install/leader_bot/share/leader_bot/models/turtlebot3_autorace_2020/traffic_pl_left/materials/scripts
[1.433s] -- Up-to-date: /home/phet/formation_turtlebot/install/leader_bot/share/leader_bot/models/turtlebot3_autorace_2020/traffic_pl_left/materials/scripts/traffic_pl_left.material
[1.433s] -- Up-to-date: /home/phet/formation_turtlebot/install/leader_bot/share/leader_bot/models/turtlebot3_autorace_2020/traffic_light
[1.433s] -- Up-to-date: /home/phet/formation_turtlebot/install/leader_bot/share/leader_bot/models/turtlebot3_autorace_2020/traffic_light/model.sdf
[1.433s] -- Up-to-date: /home/phet/formation_turtlebot/install/leader_bot/share/leader_bot/models/turtlebot3_autorace_2020/traffic_light/model.config
[1.433s] -- Up-to-date: /home/phet/formation_turtlebot/install/leader_bot/share/leader_bot/models/turtlebot3_autorace_2020/traffic_light/materials
[1.433s] -- Up-to-date: /home/phet/formation_turtlebot/install/leader_bot/share/leader_bot/models/turtlebot3_autorace_2020/traffic_light/materials/textures
[1.433s] -- Up-to-date: /home/phet/formation_turtlebot/install/leader_bot/share/leader_bot/models/turtlebot3_autorace_2020/traffic_light/materials/textures/traffic_light_green.png
[1.433s] -- Up-to-date: /home/phet/formation_turtlebot/install/leader_bot/share/leader_bot/models/turtlebot3_autorace_2020/traffic_light/materials/textures/traffic_light.png
[1.433s] -- Up-to-date: /home/phet/formation_turtlebot/install/leader_bot/share/leader_bot/models/turtlebot3_autorace_2020/traffic_light/materials/textures/traffic_light_red.png
[1.433s] -- Up-to-date: /home/phet/formation_turtlebot/install/leader_bot/share/leader_bot/models/turtlebot3_autorace_2020/traffic_light/materials/textures/traffic_light_yellow.png
[1.433s] -- Up-to-date: /home/phet/formation_turtlebot/install/leader_bot/share/leader_bot/models/turtlebot3_autorace_2020/traffic_light/materials/scripts
[1.433s] -- Up-to-date: /home/phet/formation_turtlebot/install/leader_bot/share/leader_bot/models/turtlebot3_autorace_2020/traffic_light/materials/scripts/traffic_light.material
[1.433s] -- Up-to-date: /home/phet/formation_turtlebot/install/leader_bot/share/leader_bot/models/turtlebot3_autorace_2020/traffic_tunnel
[1.433s] -- Up-to-date: /home/phet/formation_turtlebot/install/leader_bot/share/leader_bot/models/turtlebot3_autorace_2020/traffic_tunnel/model.sdf
[1.433s] -- Up-to-date: /home/phet/formation_turtlebot/install/leader_bot/share/leader_bot/models/turtlebot3_autorace_2020/traffic_tunnel/model.config
[1.433s] -- Up-to-date: /home/phet/formation_turtlebot/install/leader_bot/share/leader_bot/models/turtlebot3_autorace_2020/traffic_tunnel/materials
[1.434s] -- Up-to-date: /home/phet/formation_turtlebot/install/leader_bot/share/leader_bot/models/turtlebot3_autorace_2020/traffic_tunnel/materials/textures
[1.434s] -- Up-to-date: /home/phet/formation_turtlebot/install/leader_bot/share/leader_bot/models/turtlebot3_autorace_2020/traffic_tunnel/materials/textures/tunnel.png
[1.434s] -- Up-to-date: /home/phet/formation_turtlebot/install/leader_bot/share/leader_bot/models/turtlebot3_autorace_2020/traffic_tunnel/materials/scripts
[1.434s] -- Up-to-date: /home/phet/formation_turtlebot/install/leader_bot/share/leader_bot/models/turtlebot3_autorace_2020/traffic_tunnel/materials/scripts/tunnel.material
[1.434s] -- Up-to-date: /home/phet/formation_turtlebot/install/leader_bot/share/leader_bot/models/turtlebot3_autorace_2020/traffic_bar
[1.434s] -- Up-to-date: /home/phet/formation_turtlebot/install/leader_bot/share/leader_bot/models/turtlebot3_autorace_2020/traffic_bar/model.sdf
[1.434s] -- Up-to-date: /home/phet/formation_turtlebot/install/leader_bot/share/leader_bot/models/turtlebot3_autorace_2020/traffic_bar/model.config
[1.434s] -- Up-to-date: /home/phet/formation_turtlebot/install/leader_bot/share/leader_bot/models/turtlebot3_autorace_2020/traffic_bar/materials
[1.434s] -- Up-to-date: /home/phet/formation_turtlebot/install/leader_bot/share/leader_bot/models/turtlebot3_autorace_2020/traffic_bar/materials/textures
[1.434s] -- Up-to-date: /home/phet/formation_turtlebot/install/leader_bot/share/leader_bot/models/turtlebot3_autorace_2020/traffic_bar/materials/textures/traffic_bar.png
[1.434s] -- Up-to-date: /home/phet/formation_turtlebot/install/leader_bot/share/leader_bot/models/turtlebot3_autorace_2020/traffic_bar/materials/scripts
[1.434s] -- Up-to-date: /home/phet/formation_turtlebot/install/leader_bot/share/leader_bot/models/turtlebot3_autorace_2020/traffic_bar/materials/scripts/traffic_bar.material
[1.434s] -- Up-to-date: /home/phet/formation_turtlebot/install/leader_bot/share/leader_bot/models/turtlebot3_autorace_2020/traffic_stop
[1.434s] -- Up-to-date: /home/phet/formation_turtlebot/install/leader_bot/share/leader_bot/models/turtlebot3_autorace_2020/traffic_stop/model.sdf
[1.434s] -- Up-to-date: /home/phet/formation_turtlebot/install/leader_bot/share/leader_bot/models/turtlebot3_autorace_2020/traffic_stop/model.config
[1.434s] -- Up-to-date: /home/phet/formation_turtlebot/install/leader_bot/share/leader_bot/models/turtlebot3_autorace_2020/traffic_stop/materials
[1.434s] -- Up-to-date: /home/phet/formation_turtlebot/install/leader_bot/share/leader_bot/models/turtlebot3_autorace_2020/traffic_stop/materials/textures
[1.434s] -- Up-to-date: /home/phet/formation_turtlebot/install/leader_bot/share/leader_bot/models/turtlebot3_autorace_2020/traffic_stop/materials/textures/traffic_stop.png
[1.434s] -- Up-to-date: /home/phet/formation_turtlebot/install/leader_bot/share/leader_bot/models/turtlebot3_autorace_2020/traffic_stop/materials/scripts
[1.434s] -- Up-to-date: /home/phet/formation_turtlebot/install/leader_bot/share/leader_bot/models/turtlebot3_autorace_2020/traffic_stop/materials/scripts/traffic_stop.material
[1.434s] -- Up-to-date: /home/phet/formation_turtlebot/install/leader_bot/share/leader_bot/models/turtlebot3_autorace_2020/traffic_intersection
[1.434s] -- Up-to-date: /home/phet/formation_turtlebot/install/leader_bot/share/leader_bot/models/turtlebot3_autorace_2020/traffic_intersection/model.sdf
[1.434s] -- Up-to-date: /home/phet/formation_turtlebot/install/leader_bot/share/leader_bot/models/turtlebot3_autorace_2020/traffic_intersection/model.config
[1.434s] -- Up-to-date: /home/phet/formation_turtlebot/install/leader_bot/share/leader_bot/models/turtlebot3_autorace_2020/traffic_intersection/materials
[1.435s] -- Up-to-date: /home/phet/formation_turtlebot/install/leader_bot/share/leader_bot/models/turtlebot3_autorace_2020/traffic_intersection/materials/textures
[1.435s] -- Up-to-date: /home/phet/formation_turtlebot/install/leader_bot/share/leader_bot/models/turtlebot3_autorace_2020/traffic_intersection/materials/textures/traffic_intersection.png
[1.435s] -- Up-to-date: /home/phet/formation_turtlebot/install/leader_bot/share/leader_bot/models/turtlebot3_autorace_2020/traffic_intersection/materials/scripts
[1.435s] -- Up-to-date: /home/phet/formation_turtlebot/install/leader_bot/share/leader_bot/models/turtlebot3_autorace_2020/traffic_intersection/materials/scripts/traffic_intersection.material
[1.435s] -- Up-to-date: /home/phet/formation_turtlebot/install/leader_bot/share/leader_bot/models/turtlebot3_autorace_2020/traffic_noentry
[1.435s] -- Up-to-date: /home/phet/formation_turtlebot/install/leader_bot/share/leader_bot/models/turtlebot3_autorace_2020/traffic_noentry/model.sdf
[1.435s] -- Up-to-date: /home/phet/formation_turtlebot/install/leader_bot/share/leader_bot/models/turtlebot3_autorace_2020/traffic_noentry/model.config
[1.435s] -- Up-to-date: /home/phet/formation_turtlebot/install/leader_bot/share/leader_bot/models/turtlebot3_autorace_2020/traffic_noentry/materials
[1.435s] -- Up-to-date: /home/phet/formation_turtlebot/install/leader_bot/share/leader_bot/models/turtlebot3_autorace_2020/traffic_noentry/materials/textures
[1.435s] -- Up-to-date: /home/phet/formation_turtlebot/install/leader_bot/share/leader_bot/models/turtlebot3_autorace_2020/traffic_noentry/materials/textures/traffic_noentry.png
[1.435s] -- Up-to-date: /home/phet/formation_turtlebot/install/leader_bot/share/leader_bot/models/turtlebot3_autorace_2020/traffic_noentry/materials/scripts
[1.435s] -- Up-to-date: /home/phet/formation_turtlebot/install/leader_bot/share/leader_bot/models/turtlebot3_autorace_2020/traffic_noentry/materials/scripts/traffic_noentry.material
[1.435s] -- Up-to-date: /home/phet/formation_turtlebot/install/leader_bot/share/leader_bot/models/turtlebot3_autorace_2020/traffic_construction
[1.435s] -- Up-to-date: /home/phet/formation_turtlebot/install/leader_bot/share/leader_bot/models/turtlebot3_autorace_2020/traffic_construction/model.sdf
[1.435s] -- Up-to-date: /home/phet/formation_turtlebot/install/leader_bot/share/leader_bot/models/turtlebot3_autorace_2020/traffic_construction/model.config
[1.435s] -- Up-to-date: /home/phet/formation_turtlebot/install/leader_bot/share/leader_bot/models/turtlebot3_autorace_2020/traffic_construction/materials
[1.435s] -- Up-to-date: /home/phet/formation_turtlebot/install/leader_bot/share/leader_bot/models/turtlebot3_autorace_2020/traffic_construction/materials/textures
[1.435s] -- Up-to-date: /home/phet/formation_turtlebot/install/leader_bot/share/leader_bot/models/turtlebot3_autorace_2020/traffic_construction/materials/textures/traffic_construction.png
[1.435s] -- Up-to-date: /home/phet/formation_turtlebot/install/leader_bot/share/leader_bot/models/turtlebot3_autorace_2020/traffic_construction/materials/scripts
[1.435s] -- Up-to-date: /home/phet/formation_turtlebot/install/leader_bot/share/leader_bot/models/turtlebot3_autorace_2020/traffic_construction/materials/scripts/traffic_construction.material
[1.435s] -- Up-to-date: /home/phet/formation_turtlebot/install/leader_bot/share/leader_bot/models/turtlebot3_autorace_2020/course
[1.435s] -- Up-to-date: /home/phet/formation_turtlebot/install/leader_bot/share/leader_bot/models/turtlebot3_autorace_2020/course/model.sdf
[1.435s] -- Up-to-date: /home/phet/formation_turtlebot/install/leader_bot/share/leader_bot/models/turtlebot3_autorace_2020/course/model.config
[1.435s] -- Up-to-date: /home/phet/formation_turtlebot/install/leader_bot/share/leader_bot/models/turtlebot3_autorace_2020/course/materials
[1.435s] -- Up-to-date: /home/phet/formation_turtlebot/install/leader_bot/share/leader_bot/models/turtlebot3_autorace_2020/course/materials/textures
[1.435s] -- Up-to-date: /home/phet/formation_turtlebot/install/leader_bot/share/leader_bot/models/turtlebot3_autorace_2020/course/materials/textures/course.png
[1.436s] -- Up-to-date: /home/phet/formation_turtlebot/install/leader_bot/share/leader_bot/models/turtlebot3_autorace_2020/course/materials/scripts
[1.436s] -- Up-to-date: /home/phet/formation_turtlebot/install/leader_bot/share/leader_bot/models/turtlebot3_autorace_2020/course/materials/scripts/course.material
[1.436s] -- Up-to-date: /home/phet/formation_turtlebot/install/leader_bot/share/leader_bot/models/turtlebot3_autorace_2020/traffic_right
[1.436s] -- Up-to-date: /home/phet/formation_turtlebot/install/leader_bot/share/leader_bot/models/turtlebot3_autorace_2020/traffic_right/model.sdf
[1.436s] -- Up-to-date: /home/phet/formation_turtlebot/install/leader_bot/share/leader_bot/models/turtlebot3_autorace_2020/traffic_right/model.config
[1.436s] -- Up-to-date: /home/phet/formation_turtlebot/install/leader_bot/share/leader_bot/models/turtlebot3_autorace_2020/traffic_right/materials
[1.436s] -- Up-to-date: /home/phet/formation_turtlebot/install/leader_bot/share/leader_bot/models/turtlebot3_autorace_2020/traffic_right/materials/textures
[1.436s] -- Up-to-date: /home/phet/formation_turtlebot/install/leader_bot/share/leader_bot/models/turtlebot3_autorace_2020/traffic_right/materials/textures/traffic_right.png
[1.436s] -- Up-to-date: /home/phet/formation_turtlebot/install/leader_bot/share/leader_bot/models/turtlebot3_autorace_2020/traffic_right/materials/scripts
[1.436s] -- Up-to-date: /home/phet/formation_turtlebot/install/leader_bot/share/leader_bot/models/turtlebot3_autorace_2020/traffic_right/materials/scripts/traffic_right.material
[1.436s] -- Up-to-date: /home/phet/formation_turtlebot/install/leader_bot/share/leader_bot/models/turtlebot3_autorace_2020/checker
[1.437s] -- Up-to-date: /home/phet/formation_turtlebot/install/leader_bot/share/leader_bot/models/turtlebot3_autorace_2020/checker/model.sdf
[1.437s] -- Up-to-date: /home/phet/formation_turtlebot/install/leader_bot/share/leader_bot/models/turtlebot3_autorace_2020/checker/model.config
[1.437s] -- Up-to-date: /home/phet/formation_turtlebot/install/leader_bot/share/leader_bot/models/turtlebot3_autorace_2020/checker/materials
[1.437s] -- Up-to-date: /home/phet/formation_turtlebot/install/leader_bot/share/leader_bot/models/turtlebot3_autorace_2020/checker/materials/textures
[1.437s] -- Up-to-date: /home/phet/formation_turtlebot/install/leader_bot/share/leader_bot/models/turtlebot3_autorace_2020/checker/materials/textures/checker.png
[1.437s] -- Up-to-date: /home/phet/formation_turtlebot/install/leader_bot/share/leader_bot/models/turtlebot3_autorace_2020/checker/materials/checker.png
[1.437s] -- Up-to-date: /home/phet/formation_turtlebot/install/leader_bot/share/leader_bot/models/turtlebot3_autorace_2020/checker/materials/scripts
[1.438s] -- Up-to-date: /home/phet/formation_turtlebot/install/leader_bot/share/leader_bot/models/turtlebot3_autorace_2020/checker/materials/scripts/checker.material
[1.438s] -- Up-to-date: /home/phet/formation_turtlebot/install/leader_bot/share/leader_bot/models/turtlebot3_autorace_2020/traffic_parking
[1.438s] -- Up-to-date: /home/phet/formation_turtlebot/install/leader_bot/share/leader_bot/models/turtlebot3_autorace_2020/traffic_parking/model.sdf
[1.438s] -- Up-to-date: /home/phet/formation_turtlebot/install/leader_bot/share/leader_bot/models/turtlebot3_autorace_2020/traffic_parking/model.config
[1.438s] -- Up-to-date: /home/phet/formation_turtlebot/install/leader_bot/share/leader_bot/models/turtlebot3_autorace_2020/traffic_parking/materials
[1.438s] -- Up-to-date: /home/phet/formation_turtlebot/install/leader_bot/share/leader_bot/models/turtlebot3_autorace_2020/traffic_parking/materials/textures
[1.438s] -- Up-to-date: /home/phet/formation_turtlebot/install/leader_bot/share/leader_bot/models/turtlebot3_autorace_2020/traffic_parking/materials/textures/traffic_parking.png
[1.438s] -- Up-to-date: /home/phet/formation_turtlebot/install/leader_bot/share/leader_bot/models/turtlebot3_autorace_2020/traffic_parking/materials/scripts
[1.438s] -- Up-to-date: /home/phet/formation_turtlebot/install/leader_bot/share/leader_bot/models/turtlebot3_autorace_2020/traffic_parking/materials/scripts/traffic_parking.material
[1.438s] -- Up-to-date: /home/phet/formation_turtlebot/install/leader_bot/share/leader_bot/models/turtlebot3_burger
[1.438s] -- Up-to-date: /home/phet/formation_turtlebot/install/leader_bot/share/leader_bot/models/turtlebot3_burger/model.sdf
[1.438s] -- Up-to-date: /home/phet/formation_turtlebot/install/leader_bot/share/leader_bot/models/turtlebot3_burger/model.config
[1.438s] -- Up-to-date: /home/phet/formation_turtlebot/install/leader_bot/share/leader_bot/models/turtlebot3_burger/model-1_4.sdf
[1.438s] -- Up-to-date: /home/phet/formation_turtlebot/install/leader_bot/share/leader_bot/models/turtlebot3_burger_cam
[1.438s] -- Up-to-date: /home/phet/formation_turtlebot/install/leader_bot/share/leader_bot/models/turtlebot3_burger_cam/model.sdf
[1.438s] -- Up-to-date: /home/phet/formation_turtlebot/install/leader_bot/share/leader_bot/models/turtlebot3_burger_cam/model.config
[1.438s] -- Up-to-date: /home/phet/formation_turtlebot/install/leader_bot/share/leader_bot/models/turtlebot3_burger_cam/model-1_4.sdf
[1.438s] -- Up-to-date: /home/phet/formation_turtlebot/install/leader_bot/share/leader_bot/meshes
[1.438s] -- Up-to-date: /home/phet/formation_turtlebot/install/leader_bot/share/leader_bot/meshes/wheels
[1.438s] -- Up-to-date: /home/phet/formation_turtlebot/install/leader_bot/share/leader_bot/meshes/wheels/right_tire.stl
[1.438s] -- Up-to-date: /home/phet/formation_turtlebot/install/leader_bot/share/leader_bot/meshes/wheels/left_tire.stl
[1.438s] -- Up-to-date: /home/phet/formation_turtlebot/install/leader_bot/share/leader_bot/meshes/bases
[1.438s] -- Up-to-date: /home/phet/formation_turtlebot/install/leader_bot/share/leader_bot/meshes/bases/waffle_pi_base.stl
[1.438s] -- Up-to-date: /home/phet/formation_turtlebot/install/leader_bot/share/leader_bot/meshes/bases/burger_base.stl
[1.439s] -- Up-to-date: /home/phet/formation_turtlebot/install/leader_bot/share/leader_bot/meshes/bases/waffle_base.stl
[1.439s] -- Up-to-date: /home/phet/formation_turtlebot/install/leader_bot/share/leader_bot/meshes/sensors
[1.439s] -- Up-to-date: /home/phet/formation_turtlebot/install/leader_bot/share/leader_bot/meshes/sensors/astra.jpg
[1.439s] -- Up-to-date: /home/phet/formation_turtlebot/install/leader_bot/share/leader_bot/meshes/sensors/r200.jpg
[1.439s] -- Up-to-date: /home/phet/formation_turtlebot/install/leader_bot/share/leader_bot/meshes/sensors/r200.dae
[1.439s] -- Up-to-date: /home/phet/formation_turtlebot/install/leader_bot/share/leader_bot/meshes/sensors/lds.stl
[1.439s] -- Up-to-date: /home/phet/formation_turtlebot/install/leader_bot/share/leader_bot/meshes/sensors/astra.dae
[1.439s] -- Up-to-date: /home/phet/formation_turtlebot/install/leader_bot/share/leader_bot/worlds
[1.439s] -- Up-to-date: /home/phet/formation_turtlebot/install/leader_bot/share/leader_bot/worlds/turtlebot3_dqn_stage3.world
[1.439s] -- Up-to-date: /home/phet/formation_turtlebot/install/leader_bot/share/leader_bot/worlds/turtlebot3_house.world
[1.439s] -- Up-to-date: /home/phet/formation_turtlebot/install/leader_bot/share/leader_bot/worlds/empty_world.world
[1.439s] -- Up-to-date: /home/phet/formation_turtlebot/install/leader_bot/share/leader_bot/worlds/turtlebot3_dqn_stage2.world
[1.439s] -- Up-to-date: /home/phet/formation_turtlebot/install/leader_bot/share/leader_bot/worlds/turtlebot3_world.world
[1.440s] -- Up-to-date: /home/phet/formation_turtlebot/install/leader_bot/share/leader_bot/worlds/turtlebot3_dqn_stage4.world
[1.440s] -- Up-to-date: /home/phet/formation_turtlebot/install/leader_bot/share/leader_bot/worlds/turtlebot3_dqn_stage1.world
[1.440s] -- Up-to-date: /home/phet/formation_turtlebot/install/leader_bot/share/leader_bot/worlds/turtlebot3_autorace_2020.world
[1.440s] -- Up-to-date: /home/phet/formation_turtlebot/install/leader_bot/share/leader_bot/launch
[1.440s] -- Up-to-date: /home/phet/formation_turtlebot/install/leader_bot/share/leader_bot/launch/turtlebot3_dqn_stage1.launch.py
[1.440s] -- Up-to-date: /home/phet/formation_turtlebot/install/leader_bot/share/leader_bot/launch/turtlebot3_autorace_2020.launch.py
[1.440s] -- Up-to-date: /home/phet/formation_turtlebot/install/leader_bot/share/leader_bot/launch/robot_state_publisher.launch.py
[1.440s] -- Up-to-date: /home/phet/formation_turtlebot/install/leader_bot/share/leader_bot/launch/turtlebot3_world.launch.py
[1.440s] -- Up-to-date: /home/phet/formation_turtlebot/install/leader_bot/share/leader_bot/launch/turtlebot3_dqn_stage4.launch.py
[1.440s] -- Up-to-date: /home/phet/formation_turtlebot/install/leader_bot/share/leader_bot/launch/multi_spawn_turtlebot3.launch.py
[1.440s] -- Up-to-date: /home/phet/formation_turtlebot/install/leader_bot/share/leader_bot/launch/spawn_turtlebot3.launch.py
[1.440s] -- Up-to-date: /home/phet/formation_turtlebot/install/leader_bot/share/leader_bot/launch/empty_world.launch.py
[1.440s] -- Up-to-date: /home/phet/formation_turtlebot/install/leader_bot/share/leader_bot/launch/multi_robot.launch.py
[1.440s] -- Up-to-date: /home/phet/formation_turtlebot/install/leader_bot/share/leader_bot/launch/turtlebot3_house.launch.py
[1.440s] -- Up-to-date: /home/phet/formation_turtlebot/install/leader_bot/share/leader_bot/launch/turtlebot3_dqn_stage3.launch.py
[1.440s] -- Up-to-date: /home/phet/formation_turtlebot/install/leader_bot/share/leader_bot/launch/turtlebot3_dqn_stage2.launch.py
[1.440s] -- Up-to-date: /home/phet/formation_turtlebot/install/leader_bot/share/leader_bot/scripts
[1.440s] -- Up-to-date: /home/phet/formation_turtlebot/install/leader_bot/share/leader_bot/scripts/convert_real_image_to_fisheye.py
[1.440s] -- Installing: /home/phet/formation_turtlebot/install/leader_bot/share/leader_bot/scripts/tf_publisher.py
[1.441s] -- Up-to-date: /home/phet/formation_turtlebot/install/leader_bot/share/leader_bot/scripts/make_image_to_panorama.py
[1.441s] -- Up-to-date: /home/phet/formation_turtlebot/install/leader_bot/share/leader_bot/scripts/convert_fisheye_to_image.py
[1.441s] -- Up-to-date: /home/phet/formation_turtlebot/install/leader_bot/share/leader_bot/scripts/make_image_to_panorama2.py
[1.441s] -- Up-to-date: /home/phet/formation_turtlebot/install/leader_bot/share/leader_bot/scripts/real_image.py
[1.441s] -- Up-to-date: /home/phet/formation_turtlebot/install/leader_bot/share/leader_bot/urdf
[1.441s] -- Up-to-date: /home/phet/formation_turtlebot/install/leader_bot/share/leader_bot/urdf/turtlebot3_burger_cam.urdf
[1.441s] -- Up-to-date: /home/phet/formation_turtlebot/install/leader_bot/share/leader_bot/urdf/turtlebot3_waffle_pi.urdf
[1.441s] -- Up-to-date: /home/phet/formation_turtlebot/install/leader_bot/share/leader_bot/urdf/common_properties.urdf
[1.441s] -- Up-to-date: /home/phet/formation_turtlebot/install/leader_bot/share/leader_bot/urdf/turtlebot3_burger.urdf
[1.441s] -- Up-to-date: /home/phet/formation_turtlebot/install/leader_bot/share/leader_bot/urdf/turtlebot3_waffle.urdf
[1.441s] -- Up-to-date: /home/phet/formation_turtlebot/install/leader_bot/share/leader_bot/rviz
[1.441s] -- Up-to-date: /home/phet/formation_turtlebot/install/leader_bot/share/leader_bot/rviz/tb3_gazebo.rviz
[1.441s] -- Up-to-date: /home/phet/formation_turtlebot/install/leader_bot/share/ament_index/resource_index/package_run_dependencies/leader_bot
[1.441s] -- Up-to-date: /home/phet/formation_turtlebot/install/leader_bot/share/ament_index/resource_index/parent_prefix_path/leader_bot
[1.441s] -- Up-to-date: /home/phet/formation_turtlebot/install/leader_bot/share/leader_bot/environment/ament_prefix_path.sh
[1.441s] -- Installing: /home/phet/formation_turtlebot/install/leader_bot/share/leader_bot/environment/ament_prefix_path.dsv
[1.441s] -- Up-to-date: /home/phet/formation_turtlebot/install/leader_bot/share/leader_bot/environment/path.sh
[1.441s] -- Installing: /home/phet/formation_turtlebot/install/leader_bot/share/leader_bot/environment/path.dsv
[1.441s] -- Up-to-date: /home/phet/formation_turtlebot/install/leader_bot/share/leader_bot/local_setup.bash
[1.441s] -- Up-to-date: /home/phet/formation_turtlebot/install/leader_bot/share/leader_bot/local_setup.sh
[1.441s] -- Up-to-date: /home/phet/formation_turtlebot/install/leader_bot/share/leader_bot/local_setup.zsh
[1.441s] -- Installing: /home/phet/formation_turtlebot/install/leader_bot/share/leader_bot/local_setup.dsv
[1.441s] -- Installing: /home/phet/formation_turtlebot/install/leader_bot/share/leader_bot/package.dsv
[1.441s] -- Up-to-date: /home/phet/formation_turtlebot/install/leader_bot/share/ament_index/resource_index/packages/leader_bot
[1.441s] -- Up-to-date: /home/phet/formation_turtlebot/install/leader_bot/share/leader_bot/cmake/leader_botConfig.cmake
[1.442s] -- Up-to-date: /home/phet/formation_turtlebot/install/leader_bot/share/leader_bot/cmake/leader_botConfig-version.cmake
[1.442s] -- Up-to-date: /home/phet/formation_turtlebot/install/leader_bot/share/leader_bot/package.xml
[1.442s] Invoked command in '/home/phet/formation_turtlebot/build/leader_bot' returned '0': CMAKE_PREFIX_PATH=${CMAKE_PREFIX_PATH}:/home/phet/formation_turtlebot/install/turtlebot3_teleop:/home/phet/formation_turtlebot/install/turtlebot3_example:/home/phet/install/examples_rclpy_minimal_action_server:/home/phet/install/examples_rclpy_minimal_action_client:/home/phet/install/examples_rclpy_guard_conditions:/home/phet/install/examples_rclpy_executors:/opt/ros/humble /usr/bin/cmake --install /home/phet/formation_turtlebot/build/leader_bot
