[0.877s] Invoking command in '/home/phet/formation_turtlebot/src/turtlebot3_teleop': PYTHONPATH=/home/phet/formation_turtlebot/build/turtlebot3_teleop/prefix_override:/usr/lib/python3/dist-packages/colcon_core/task/python/colcon_distutils_commands:/home/phet/formation_turtlebot/install/turtlebot3_teleop/lib/python3.10/site-packages:${PYTHONPATH} /usr/bin/python3 -W ignore:setup.py install is deprecated -W ignore:easy_install command is deprecated setup.py egg_info --egg-base ../../build/turtlebot3_teleop build --build-base /home/phet/formation_turtlebot/build/turtlebot3_teleop/build install --record /home/phet/formation_turtlebot/build/turtlebot3_teleop/install.log --single-version-externally-managed install_data
[1.091s] running egg_info
[1.092s] writing ../../build/turtlebot3_teleop/turtlebot3_teleop.egg-info/PKG-INFO
[1.092s] writing dependency_links to ../../build/turtlebot3_teleop/turtlebot3_teleop.egg-info/dependency_links.txt
[1.092s] writing entry points to ../../build/turtlebot3_teleop/turtlebot3_teleop.egg-info/entry_points.txt
[1.092s] writing requirements to ../../build/turtlebot3_teleop/turtlebot3_teleop.egg-info/requires.txt
[1.092s] writing top-level names to ../../build/turtlebot3_teleop/turtlebot3_teleop.egg-info/top_level.txt
[1.094s] reading manifest file '../../build/turtlebot3_teleop/turtlebot3_teleop.egg-info/SOURCES.txt'
[1.095s] writing manifest file '../../build/turtlebot3_teleop/turtlebot3_teleop.egg-info/SOURCES.txt'
[1.095s] running build
[1.095s] running build_py
[1.095s] running install
[1.096s] running install_lib
[1.097s] running install_data
[1.097s] running install_egg_info
[1.099s] removing '/home/phet/formation_turtlebot/install/turtlebot3_teleop/lib/python3.10/site-packages/turtlebot3_teleop-2.2.5-py3.10.egg-info' (and everything under it)
[1.099s] Copying ../../build/turtlebot3_teleop/turtlebot3_teleop.egg-info to /home/phet/formation_turtlebot/install/turtlebot3_teleop/lib/python3.10/site-packages/turtlebot3_teleop-2.2.5-py3.10.egg-info
[1.100s] running install_scripts
[1.117s] Installing teleop_keyboard script to /home/phet/formation_turtlebot/install/turtlebot3_teleop/lib/turtlebot3_teleop
[1.117s] writing list of installed files to '/home/phet/formation_turtlebot/build/turtlebot3_teleop/install.log'
[1.147s] Invoked command in '/home/phet/formation_turtlebot/src/turtlebot3_teleop' returned '0': PYTHONPATH=/home/phet/formation_turtlebot/build/turtlebot3_teleop/prefix_override:/usr/lib/python3/dist-packages/colcon_core/task/python/colcon_distutils_commands:/home/phet/formation_turtlebot/install/turtlebot3_teleop/lib/python3.10/site-packages:${PYTHONPATH} /usr/bin/python3 -W ignore:setup.py install is deprecated -W ignore:easy_install command is deprecated setup.py egg_info --egg-base ../../build/turtlebot3_teleop build --build-base /home/phet/formation_turtlebot/build/turtlebot3_teleop/build install --record /home/phet/formation_turtlebot/build/turtlebot3_teleop/install.log --single-version-externally-managed install_data
