[0.055s] Invoking command in '/home/phet/formation_turtlebot/build/turtlebot3_node': CMAKE_PREFIX_PATH=${CMAKE_PREFIX_PATH}:/home/phet/formation_turtlebot/install/turtlebot3_teleop:/home/phet/formation_turtlebot/install/turtlebot3_example:/home/phet/install/examples_rclpy_minimal_action_server:/home/phet/install/examples_rclpy_minimal_action_client:/home/phet/install/examples_rclpy_guard_conditions:/home/phet/install/examples_rclpy_executors:/opt/ros/humble /usr/bin/cmake --build /home/phet/formation_turtlebot/build/turtlebot3_node -- -j16 -l16
[0.527s] [ 85%] Built target turtlebot3_node_lib
[0.528s] [100%] Built target turtlebot3_ros
[0.542s] Invoked command in '/home/phet/formation_turtlebot/build/turtlebot3_node' returned '0': CMAKE_PREFIX_PATH=${CMAKE_PREFIX_PATH}:/home/phet/formation_turtlebot/install/turtlebot3_teleop:/home/phet/formation_turtlebot/install/turtlebot3_example:/home/phet/install/examples_rclpy_minimal_action_server:/home/phet/install/examples_rclpy_minimal_action_client:/home/phet/install/examples_rclpy_guard_conditions:/home/phet/install/examples_rclpy_executors:/opt/ros/humble /usr/bin/cmake --build /home/phet/formation_turtlebot/build/turtlebot3_node -- -j16 -l16
[0.544s] Invoking command in '/home/phet/formation_turtlebot/build/turtlebot3_node': CMAKE_PREFIX_PATH=${CMAKE_PREFIX_PATH}:/home/phet/formation_turtlebot/install/turtlebot3_teleop:/home/phet/formation_turtlebot/install/turtlebot3_example:/home/phet/install/examples_rclpy_minimal_action_server:/home/phet/install/examples_rclpy_minimal_action_client:/home/phet/install/examples_rclpy_guard_conditions:/home/phet/install/examples_rclpy_executors:/opt/ros/humble /usr/bin/cmake --install /home/phet/formation_turtlebot/build/turtlebot3_node
[0.559s] -- Install configuration: ""
[0.560s] -- Up-to-date: /home/phet/formation_turtlebot/install/turtlebot3_node/share/turtlebot3_node/param
[0.560s] -- Up-to-date: /home/phet/formation_turtlebot/install/turtlebot3_node/share/turtlebot3_node/param/waffle_pi.yaml
[0.560s] -- Up-to-date: /home/phet/formation_turtlebot/install/turtlebot3_node/share/turtlebot3_node/param/waffle.yaml
[0.560s] -- Up-to-date: /home/phet/formation_turtlebot/install/turtlebot3_node/share/turtlebot3_node/param/burger.yaml
[0.560s] -- Up-to-date: /home/phet/formation_turtlebot/install/turtlebot3_node/lib/turtlebot3_node/turtlebot3_ros
[0.560s] -- Up-to-date: /home/phet/formation_turtlebot/install/turtlebot3_node/share/ament_index/resource_index/package_run_dependencies/turtlebot3_node
[0.560s] -- Up-to-date: /home/phet/formation_turtlebot/install/turtlebot3_node/share/ament_index/resource_index/parent_prefix_path/turtlebot3_node
[0.560s] -- Up-to-date: /home/phet/formation_turtlebot/install/turtlebot3_node/share/turtlebot3_node/environment/ament_prefix_path.sh
[0.560s] -- Up-to-date: /home/phet/formation_turtlebot/install/turtlebot3_node/share/turtlebot3_node/environment/ament_prefix_path.dsv
[0.560s] -- Up-to-date: /home/phet/formation_turtlebot/install/turtlebot3_node/share/turtlebot3_node/environment/path.sh
[0.560s] -- Up-to-date: /home/phet/formation_turtlebot/install/turtlebot3_node/share/turtlebot3_node/environment/path.dsv
[0.560s] -- Up-to-date: /home/phet/formation_turtlebot/install/turtlebot3_node/share/turtlebot3_node/local_setup.bash
[0.560s] -- Up-to-date: /home/phet/formation_turtlebot/install/turtlebot3_node/share/turtlebot3_node/local_setup.sh
[0.560s] -- Up-to-date: /home/phet/formation_turtlebot/install/turtlebot3_node/share/turtlebot3_node/local_setup.zsh
[0.560s] -- Up-to-date: /home/phet/formation_turtlebot/install/turtlebot3_node/share/turtlebot3_node/local_setup.dsv
[0.560s] -- Installing: /home/phet/formation_turtlebot/install/turtlebot3_node/share/turtlebot3_node/package.dsv
[0.560s] -- Up-to-date: /home/phet/formation_turtlebot/install/turtlebot3_node/share/ament_index/resource_index/packages/turtlebot3_node
[0.560s] -- Up-to-date: /home/phet/formation_turtlebot/install/turtlebot3_node/share/turtlebot3_node/cmake/ament_cmake_export_include_directories-extras.cmake
[0.560s] -- Up-to-date: /home/phet/formation_turtlebot/install/turtlebot3_node/share/turtlebot3_node/cmake/turtlebot3_nodeConfig.cmake
[0.560s] -- Up-to-date: /home/phet/formation_turtlebot/install/turtlebot3_node/share/turtlebot3_node/cmake/turtlebot3_nodeConfig-version.cmake
[0.560s] -- Up-to-date: /home/phet/formation_turtlebot/install/turtlebot3_node/share/turtlebot3_node/package.xml
[0.590s] Invoked command in '/home/phet/formation_turtlebot/build/turtlebot3_node' returned '0': CMAKE_PREFIX_PATH=${CMAKE_PREFIX_PATH}:/home/phet/formation_turtlebot/install/turtlebot3_teleop:/home/phet/formation_turtlebot/install/turtlebot3_example:/home/phet/install/examples_rclpy_minimal_action_server:/home/phet/install/examples_rclpy_minimal_action_client:/home/phet/install/examples_rclpy_guard_conditions:/home/phet/install/examples_rclpy_executors:/opt/ros/humble /usr/bin/cmake --install /home/phet/formation_turtlebot/build/turtlebot3_node
