[0.044s] Invoking command in '/home/phet/formation_turtlebot/build/turtlebot3_cartographer': CMAKE_PREFIX_PATH=${CMAKE_PREFIX_PATH}:/home/phet/formation_turtlebot/install/turtlebot3_teleop:/home/phet/formation_turtlebot/install/turtlebot3_example:/home/phet/install/examples_rclpy_minimal_action_server:/home/phet/install/examples_rclpy_minimal_action_client:/home/phet/install/examples_rclpy_guard_conditions:/home/phet/install/examples_rclpy_executors:/opt/ros/humble /usr/bin/cmake /home/phet/formation_turtlebot/src/turtlebot3_cartographer -DCMAKE_INSTALL_PREFIX=/home/phet/formation_turtlebot/install/turtlebot3_cartographer
[0.581s] -- The C compiler identification is GNU 11.4.0
[0.581s] -- The CXX compiler identification is GNU 11.4.0
[0.581s] -- Detecting C compiler ABI info
[0.581s] -- Detecting C compiler ABI info - done
[0.581s] -- Check for working C compiler: /usr/bin/cc - skipped
[0.581s] -- Detecting C compile features
[0.581s] -- Detecting C compile features - done
[0.581s] -- Detecting CXX compiler ABI info
[0.581s] -- Detecting CXX compiler ABI info - done
[0.581s] -- Check for working CXX compiler: /usr/bin/c++ - skipped
[0.581s] -- Detecting CXX compile features
[0.581s] -- Detecting CXX compile features - done
[0.581s] -- Found ament_cmake: 1.3.11 (/opt/ros/humble/share/ament_cmake/cmake)
[0.581s] -- Found Python3: /usr/bin/python3 (found version "3.10.12") found components: Interpreter 
[0.686s] -- Configuring done
[0.689s] -- Generating done
[0.691s] -- Build files have been written to: /home/phet/formation_turtlebot/build/turtlebot3_cartographer
[0.696s] Invoked command in '/home/phet/formation_turtlebot/build/turtlebot3_cartographer' returned '0': CMAKE_PREFIX_PATH=${CMAKE_PREFIX_PATH}:/home/phet/formation_turtlebot/install/turtlebot3_teleop:/home/phet/formation_turtlebot/install/turtlebot3_example:/home/phet/install/examples_rclpy_minimal_action_server:/home/phet/install/examples_rclpy_minimal_action_client:/home/phet/install/examples_rclpy_guard_conditions:/home/phet/install/examples_rclpy_executors:/opt/ros/humble /usr/bin/cmake /home/phet/formation_turtlebot/src/turtlebot3_cartographer -DCMAKE_INSTALL_PREFIX=/home/phet/formation_turtlebot/install/turtlebot3_cartographer
[0.698s] Invoking command in '/home/phet/formation_turtlebot/build/turtlebot3_cartographer': CMAKE_PREFIX_PATH=${CMAKE_PREFIX_PATH}:/home/phet/formation_turtlebot/install/turtlebot3_teleop:/home/phet/formation_turtlebot/install/turtlebot3_example:/home/phet/install/examples_rclpy_minimal_action_server:/home/phet/install/examples_rclpy_minimal_action_client:/home/phet/install/examples_rclpy_guard_conditions:/home/phet/install/examples_rclpy_executors:/opt/ros/humble /usr/bin/cmake --build /home/phet/formation_turtlebot/build/turtlebot3_cartographer -- -j16 -l16
[0.737s] Invoked command in '/home/phet/formation_turtlebot/build/turtlebot3_cartographer' returned '0': CMAKE_PREFIX_PATH=${CMAKE_PREFIX_PATH}:/home/phet/formation_turtlebot/install/turtlebot3_teleop:/home/phet/formation_turtlebot/install/turtlebot3_example:/home/phet/install/examples_rclpy_minimal_action_server:/home/phet/install/examples_rclpy_minimal_action_client:/home/phet/install/examples_rclpy_guard_conditions:/home/phet/install/examples_rclpy_executors:/opt/ros/humble /usr/bin/cmake --build /home/phet/formation_turtlebot/build/turtlebot3_cartographer -- -j16 -l16
[0.750s] Invoking command in '/home/phet/formation_turtlebot/build/turtlebot3_cartographer': CMAKE_PREFIX_PATH=${CMAKE_PREFIX_PATH}:/home/phet/formation_turtlebot/install/turtlebot3_teleop:/home/phet/formation_turtlebot/install/turtlebot3_example:/home/phet/install/examples_rclpy_minimal_action_server:/home/phet/install/examples_rclpy_minimal_action_client:/home/phet/install/examples_rclpy_guard_conditions:/home/phet/install/examples_rclpy_executors:/opt/ros/humble /usr/bin/cmake --install /home/phet/formation_turtlebot/build/turtlebot3_cartographer
[0.757s] -- Install configuration: ""
[0.757s] -- Installing: /home/phet/formation_turtlebot/install/turtlebot3_cartographer/share/turtlebot3_cartographer/config
[0.757s] -- Installing: /home/phet/formation_turtlebot/install/turtlebot3_cartographer/share/turtlebot3_cartographer/config/turtlebot3_lds_2d.lua
[0.757s] -- Installing: /home/phet/formation_turtlebot/install/turtlebot3_cartographer/share/turtlebot3_cartographer/launch
[0.757s] -- Installing: /home/phet/formation_turtlebot/install/turtlebot3_cartographer/share/turtlebot3_cartographer/launch/occupancy_grid.launch.py
[0.757s] -- Installing: /home/phet/formation_turtlebot/install/turtlebot3_cartographer/share/turtlebot3_cartographer/launch/cartographer.launch.py
[0.757s] -- Installing: /home/phet/formation_turtlebot/install/turtlebot3_cartographer/share/turtlebot3_cartographer/rviz
[0.758s] -- Installing: /home/phet/formation_turtlebot/install/turtlebot3_cartographer/share/turtlebot3_cartographer/rviz/tb3_cartographer.rviz
[0.758s] -- Installing: /home/phet/formation_turtlebot/install/turtlebot3_cartographer/share/ament_index/resource_index/package_run_dependencies/turtlebot3_cartographer
[0.758s] -- Installing: /home/phet/formation_turtlebot/install/turtlebot3_cartographer/share/ament_index/resource_index/parent_prefix_path/turtlebot3_cartographer
[0.758s] -- Installing: /home/phet/formation_turtlebot/install/turtlebot3_cartographer/share/turtlebot3_cartographer/environment/ament_prefix_path.sh
[0.759s] -- Installing: /home/phet/formation_turtlebot/install/turtlebot3_cartographer/share/turtlebot3_cartographer/environment/ament_prefix_path.dsv
[0.759s] -- Installing: /home/phet/formation_turtlebot/install/turtlebot3_cartographer/share/turtlebot3_cartographer/environment/path.sh
[0.759s] -- Installing: /home/phet/formation_turtlebot/install/turtlebot3_cartographer/share/turtlebot3_cartographer/environment/path.dsv
[0.759s] -- Installing: /home/phet/formation_turtlebot/install/turtlebot3_cartographer/share/turtlebot3_cartographer/local_setup.bash
[0.759s] -- Installing: /home/phet/formation_turtlebot/install/turtlebot3_cartographer/share/turtlebot3_cartographer/local_setup.sh
[0.759s] -- Installing: /home/phet/formation_turtlebot/install/turtlebot3_cartographer/share/turtlebot3_cartographer/local_setup.zsh
[0.759s] -- Installing: /home/phet/formation_turtlebot/install/turtlebot3_cartographer/share/turtlebot3_cartographer/local_setup.dsv
[0.760s] -- Installing: /home/phet/formation_turtlebot/install/turtlebot3_cartographer/share/turtlebot3_cartographer/package.dsv
[0.760s] -- Installing: /home/phet/formation_turtlebot/install/turtlebot3_cartographer/share/ament_index/resource_index/packages/turtlebot3_cartographer
[0.760s] -- Installing: /home/phet/formation_turtlebot/install/turtlebot3_cartographer/share/turtlebot3_cartographer/cmake/turtlebot3_cartographerConfig.cmake
[0.760s] -- Installing: /home/phet/formation_turtlebot/install/turtlebot3_cartographer/share/turtlebot3_cartographer/cmake/turtlebot3_cartographerConfig-version.cmake
[0.760s] -- Installing: /home/phet/formation_turtlebot/install/turtlebot3_cartographer/share/turtlebot3_cartographer/package.xml
[0.763s] Invoked command in '/home/phet/formation_turtlebot/build/turtlebot3_cartographer' returned '0': CMAKE_PREFIX_PATH=${CMAKE_PREFIX_PATH}:/home/phet/formation_turtlebot/install/turtlebot3_teleop:/home/phet/formation_turtlebot/install/turtlebot3_example:/home/phet/install/examples_rclpy_minimal_action_server:/home/phet/install/examples_rclpy_minimal_action_client:/home/phet/install/examples_rclpy_guard_conditions:/home/phet/install/examples_rclpy_executors:/opt/ros/humble /usr/bin/cmake --install /home/phet/formation_turtlebot/build/turtlebot3_cartographer
