-- The C compiler identification is GNU 11.4.0
-- The CXX compiler identification is GNU 11.4.0
-- Detecting C compiler ABI info
-- Detecting C compiler ABI info - done
-- Check for working C compiler: /usr/bin/cc - skipped
-- Detecting C compile features
-- Detecting C compile features - done
-- Detecting CXX compiler ABI info
-- Detecting CXX compiler ABI info - done
-- Check for working CXX compiler: /usr/bin/c++ - skipped
-- Detecting CXX compile features
-- Detecting CXX compile features - done
-- Found ament_cmake: 1.3.11 (/opt/ros/humble/share/ament_cmake/cmake)
-- Found Python3: /usr/bin/python3 (found version "3.10.12") found components: Interpreter 
-- Found rclcpp: 16.0.11 (/opt/ros/humble/share/rclcpp/cmake)
-- Found rosidl_generator_c: 3.1.6 (/opt/ros/humble/share/rosidl_generator_c/cmake)
-- Found rosidl_adapter: 3.1.6 (/opt/ros/humble/share/rosidl_adapter/cmake)
-- Found rosidl_generator_cpp: 3.1.6 (/opt/ros/humble/share/rosidl_generator_cpp/cmake)
-- Using all available rosidl_typesupport_c: rosidl_typesupport_fastrtps_c;rosidl_typesupport_introspection_c
-- Using all available rosidl_typesupport_cpp: rosidl_typesupport_fastrtps_cpp;rosidl_typesupport_introspection_cpp
-- Found rmw_implementation_cmake: 6.1.2 (/opt/ros/humble/share/rmw_implementation_cmake/cmake)
-- Found rmw_fastrtps_cpp: 6.2.7 (/opt/ros/humble/share/rmw_fastrtps_cpp/cmake)
-- Found OpenSSL: /usr/lib/x86_64-linux-gnu/libcrypto.so (found version "3.0.2")  
-- Found FastRTPS: /opt/ros/humble/include  
-- Using RMW implementation 'rmw_fastrtps_cpp' as default
-- Looking for pthread.h
-- Looking for pthread.h - found
-- Performing Test CMAKE_HAVE_LIBC_PTHREAD
-- Performing Test CMAKE_HAVE_LIBC_PTHREAD - Success
-- Found Threads: TRUE  
-- Found rclpy: 3.3.15 (/opt/ros/humble/share/rclpy/cmake)
-- Found geometry_msgs: 4.2.4 (/opt/ros/humble/share/geometry_msgs/cmake)
-- Found nav_msgs: 4.2.4 (/opt/ros/humble/share/nav_msgs/cmake)
-- Found sensor_msgs: 4.2.4 (/opt/ros/humble/share/sensor_msgs/cmake)
-- Configuring done
-- Generating done
-- Build files have been written to: /home/phet/formation_turtlebot/build/leader_bot
[ 50%] [32mBuilding CXX object CMakeFiles/cpp_node.dir/src/cpp_node.cpp.o[0m
[ 50%] Built target ament_cmake_python_copy_leader_bot
[100%] [32m[1mLinking CXX executable cpp_node[0m
running egg_info
creating leader_bot.egg-info
writing leader_bot.egg-info/PKG-INFO
writing dependency_links to leader_bot.egg-info/dependency_links.txt
writing top-level names to leader_bot.egg-info/top_level.txt
writing manifest file 'leader_bot.egg-info/SOURCES.txt'
reading manifest file 'leader_bot.egg-info/SOURCES.txt'
writing manifest file 'leader_bot.egg-info/SOURCES.txt'
[100%] Built target ament_cmake_python_build_leader_bot_egg
[100%] Built target cpp_node
-- Install configuration: ""
-- Installing: /home/phet/formation_turtlebot/install/leader_bot/share/leader_bot/environment/pythonpath.sh
-- Installing: /home/phet/formation_turtlebot/install/leader_bot/share/leader_bot/environment/pythonpath.dsv
-- Installing: /home/phet/formation_turtlebot/install/leader_bot/local/lib/python3.10/dist-packages/leader_bot-0.0.1-py3.10.egg-info
-- Installing: /home/phet/formation_turtlebot/install/leader_bot/local/lib/python3.10/dist-packages/leader_bot-0.0.1-py3.10.egg-info/dependency_links.txt
-- Installing: /home/phet/formation_turtlebot/install/leader_bot/local/lib/python3.10/dist-packages/leader_bot-0.0.1-py3.10.egg-info/SOURCES.txt
-- Installing: /home/phet/formation_turtlebot/install/leader_bot/local/lib/python3.10/dist-packages/leader_bot-0.0.1-py3.10.egg-info/top_level.txt
-- Installing: /home/phet/formation_turtlebot/install/leader_bot/local/lib/python3.10/dist-packages/leader_bot-0.0.1-py3.10.egg-info/PKG-INFO
-- Installing: /home/phet/formation_turtlebot/install/leader_bot/local/lib/python3.10/dist-packages/leader_bot
-- Installing: /home/phet/formation_turtlebot/install/leader_bot/local/lib/python3.10/dist-packages/leader_bot/__init__.py
-- Installing: /home/phet/formation_turtlebot/install/leader_bot/local/lib/python3.10/dist-packages/leader_bot/dummy_module.py
Listing '/home/phet/formation_turtlebot/install/leader_bot/local/lib/python3.10/dist-packages/leader_bot'...
Compiling '/home/phet/formation_turtlebot/install/leader_bot/local/lib/python3.10/dist-packages/leader_bot/__init__.py'...
Compiling '/home/phet/formation_turtlebot/install/leader_bot/local/lib/python3.10/dist-packages/leader_bot/dummy_module.py'...
-- Installing: /home/phet/formation_turtlebot/install/leader_bot/lib/leader_bot/real_image.py
-- Installing: /home/phet/formation_turtlebot/install/leader_bot/lib/leader_bot/cpp_node
-- Set runtime path of "/home/phet/formation_turtlebot/install/leader_bot/lib/leader_bot/cpp_node" to ""
-- Installing: /home/phet/formation_turtlebot/install/leader_bot/share/leader_bot/models
-- Installing: /home/phet/formation_turtlebot/install/leader_bot/share/leader_bot/models/turtlebot3_waffle
-- Installing: /home/phet/formation_turtlebot/install/leader_bot/share/leader_bot/models/turtlebot3_waffle/model.sdf
-- Installing: /home/phet/formation_turtlebot/install/leader_bot/share/leader_bot/models/turtlebot3_waffle/model.config
-- Installing: /home/phet/formation_turtlebot/install/leader_bot/share/leader_bot/models/turtlebot3_waffle/model-1_4.sdf
-- Installing: /home/phet/formation_turtlebot/install/leader_bot/share/leader_bot/models/turtlebot3_world
-- Installing: /home/phet/formation_turtlebot/install/leader_bot/share/leader_bot/models/turtlebot3_world/model.sdf
-- Installing: /home/phet/formation_turtlebot/install/leader_bot/share/leader_bot/models/turtlebot3_world/meshes
-- Installing: /home/phet/formation_turtlebot/install/leader_bot/share/leader_bot/models/turtlebot3_world/meshes/hexagon.dae
-- Installing: /home/phet/formation_turtlebot/install/leader_bot/share/leader_bot/models/turtlebot3_world/meshes/wall.dae
-- Installing: /home/phet/formation_turtlebot/install/leader_bot/share/leader_bot/models/turtlebot3_world/model.config
-- Installing: /home/phet/formation_turtlebot/install/leader_bot/share/leader_bot/models/turtlebot3_world/model-1_4.sdf
-- Installing: /home/phet/formation_turtlebot/install/leader_bot/share/leader_bot/models/aruco_marker
-- Installing: /home/phet/formation_turtlebot/install/leader_bot/share/leader_bot/models/aruco_marker/aruco_ID_1.png
-- Installing: /home/phet/formation_turtlebot/install/leader_bot/share/leader_bot/models/aruco_marker/image.dae
-- Installing: /home/phet/formation_turtlebot/install/leader_bot/share/leader_bot/models/aruco_marker/image.png
-- Installing: /home/phet/formation_turtlebot/install/leader_bot/share/leader_bot/models/turtlebot3_waffle_pi
-- Installing: /home/phet/formation_turtlebot/install/leader_bot/share/leader_bot/models/turtlebot3_waffle_pi/model-1_4_.sdf
-- Installing: /home/phet/formation_turtlebot/install/leader_bot/share/leader_bot/models/turtlebot3_waffle_pi/model.sdf
-- Installing: /home/phet/formation_turtlebot/install/leader_bot/share/leader_bot/models/turtlebot3_waffle_pi/model.config
-- Installing: /home/phet/formation_turtlebot/install/leader_bot/share/leader_bot/models/turtlebot3_house
-- Installing: /home/phet/formation_turtlebot/install/leader_bot/share/leader_bot/models/turtlebot3_house/model.sdf
-- Installing: /home/phet/formation_turtlebot/install/leader_bot/share/leader_bot/models/turtlebot3_house/model.config
-- Installing: /home/phet/formation_turtlebot/install/leader_bot/share/leader_bot/models/turtlebot3_common
-- Installing: /home/phet/formation_turtlebot/install/leader_bot/share/leader_bot/models/turtlebot3_common/meshes
-- Installing: /home/phet/formation_turtlebot/install/leader_bot/share/leader_bot/models/turtlebot3_common/meshes/waffle_pi_base.dae
-- Installing: /home/phet/formation_turtlebot/install/leader_bot/share/leader_bot/models/turtlebot3_common/meshes/waffle_base.dae
-- Installing: /home/phet/formation_turtlebot/install/leader_bot/share/leader_bot/models/turtlebot3_common/meshes/burger_base.dae
-- Installing: /home/phet/formation_turtlebot/install/leader_bot/share/leader_bot/models/turtlebot3_common/meshes/wheels
-- Installing: /home/phet/formation_turtlebot/install/leader_bot/share/leader_bot/models/turtlebot3_common/meshes/wheels/right_tire.stl
-- Installing: /home/phet/formation_turtlebot/install/leader_bot/share/leader_bot/models/turtlebot3_common/meshes/wheels/left_tire.stl
-- Installing: /home/phet/formation_turtlebot/install/leader_bot/share/leader_bot/models/turtlebot3_common/meshes/lds.dae
-- Installing: /home/phet/formation_turtlebot/install/leader_bot/share/leader_bot/models/turtlebot3_common/meshes/r200.dae
-- Installing: /home/phet/formation_turtlebot/install/leader_bot/share/leader_bot/models/turtlebot3_common/meshes/bases
-- Installing: /home/phet/formation_turtlebot/install/leader_bot/share/leader_bot/models/turtlebot3_common/meshes/bases/waffle_pi_base.stl
-- Installing: /home/phet/formation_turtlebot/install/leader_bot/share/leader_bot/models/turtlebot3_common/meshes/bases/burger_base.stl
-- Installing: /home/phet/formation_turtlebot/install/leader_bot/share/leader_bot/models/turtlebot3_common/meshes/bases/waffle_base.stl
-- Installing: /home/phet/formation_turtlebot/install/leader_bot/share/leader_bot/models/turtlebot3_common/meshes/sensors
-- Installing: /home/phet/formation_turtlebot/install/leader_bot/share/leader_bot/models/turtlebot3_common/meshes/sensors/astra.jpg
-- Installing: /home/phet/formation_turtlebot/install/leader_bot/share/leader_bot/models/turtlebot3_common/meshes/sensors/r200.jpg
-- Installing: /home/phet/formation_turtlebot/install/leader_bot/share/leader_bot/models/turtlebot3_common/meshes/sensors/r200.dae
-- Installing: /home/phet/formation_turtlebot/install/leader_bot/share/leader_bot/models/turtlebot3_common/meshes/sensors/lds.stl
-- Installing: /home/phet/formation_turtlebot/install/leader_bot/share/leader_bot/models/turtlebot3_common/meshes/sensors/astra.dae
-- Installing: /home/phet/formation_turtlebot/install/leader_bot/share/leader_bot/models/turtlebot3_common/meshes/tire.dae
-- Installing: /home/phet/formation_turtlebot/install/leader_bot/share/leader_bot/models/turtlebot3_common/model.config
-- Installing: /home/phet/formation_turtlebot/install/leader_bot/share/leader_bot/models/turtlebot3_dqn_world
-- Installing: /home/phet/formation_turtlebot/install/leader_bot/share/leader_bot/models/turtlebot3_dqn_world/goal_box
-- Installing: /home/phet/formation_turtlebot/install/leader_bot/share/leader_bot/models/turtlebot3_dqn_world/goal_box/model.sdf
-- Installing: /home/phet/formation_turtlebot/install/leader_bot/share/leader_bot/models/turtlebot3_dqn_world/goal_box/model.config
-- Installing: /home/phet/formation_turtlebot/install/leader_bot/share/leader_bot/models/turtlebot3_dqn_world/obstacle2
-- Installing: /home/phet/formation_turtlebot/install/leader_bot/share/leader_bot/models/turtlebot3_dqn_world/obstacle2/model.sdf
-- Installing: /home/phet/formation_turtlebot/install/leader_bot/share/leader_bot/models/turtlebot3_dqn_world/obstacle2/model.config
-- Installing: /home/phet/formation_turtlebot/install/leader_bot/share/leader_bot/models/turtlebot3_dqn_world/obstacles
-- Installing: /home/phet/formation_turtlebot/install/leader_bot/share/leader_bot/models/turtlebot3_dqn_world/obstacles/model.sdf
-- Installing: /home/phet/formation_turtlebot/install/leader_bot/share/leader_bot/models/turtlebot3_dqn_world/obstacles/model.config
-- Installing: /home/phet/formation_turtlebot/install/leader_bot/share/leader_bot/models/turtlebot3_dqn_world/model.sdf
-- Installing: /home/phet/formation_turtlebot/install/leader_bot/share/leader_bot/models/turtlebot3_dqn_world/inner_walls
-- Installing: /home/phet/formation_turtlebot/install/leader_bot/share/leader_bot/models/turtlebot3_dqn_world/inner_walls/model.sdf
-- Installing: /home/phet/formation_turtlebot/install/leader_bot/share/leader_bot/models/turtlebot3_dqn_world/inner_walls/model.config
-- Installing: /home/phet/formation_turtlebot/install/leader_bot/share/leader_bot/models/turtlebot3_dqn_world/model.config
-- Installing: /home/phet/formation_turtlebot/install/leader_bot/share/leader_bot/models/turtlebot3_dqn_world/obstacle1
-- Installing: /home/phet/formation_turtlebot/install/leader_bot/share/leader_bot/models/turtlebot3_dqn_world/obstacle1/model.sdf
-- Installing: /home/phet/formation_turtlebot/install/leader_bot/share/leader_bot/models/turtlebot3_dqn_world/obstacle1/model.config
-- Installing: /home/phet/formation_turtlebot/install/leader_bot/share/leader_bot/models/turtlebot3_autorace_2020
-- Installing: /home/phet/formation_turtlebot/install/leader_bot/share/leader_bot/models/turtlebot3_autorace_2020/traffic_left
-- Installing: /home/phet/formation_turtlebot/install/leader_bot/share/leader_bot/models/turtlebot3_autorace_2020/traffic_left/model.sdf
-- Installing: /home/phet/formation_turtlebot/install/leader_bot/share/leader_bot/models/turtlebot3_autorace_2020/traffic_left/model.config
-- Installing: /home/phet/formation_turtlebot/install/leader_bot/share/leader_bot/models/turtlebot3_autorace_2020/traffic_left/materials
-- Installing: /home/phet/formation_turtlebot/install/leader_bot/share/leader_bot/models/turtlebot3_autorace_2020/traffic_left/materials/textures
-- Installing: /home/phet/formation_turtlebot/install/leader_bot/share/leader_bot/models/turtlebot3_autorace_2020/traffic_left/materials/textures/traffic_left.png
-- Installing: /home/phet/formation_turtlebot/install/leader_bot/share/leader_bot/models/turtlebot3_autorace_2020/traffic_left/materials/scripts
-- Installing: /home/phet/formation_turtlebot/install/leader_bot/share/leader_bot/models/turtlebot3_autorace_2020/traffic_left/materials/scripts/traffic_is_left.material
-- Installing: /home/phet/formation_turtlebot/install/leader_bot/share/leader_bot/models/turtlebot3_autorace_2020/traffic_pl_left
-- Installing: /home/phet/formation_turtlebot/install/leader_bot/share/leader_bot/models/turtlebot3_autorace_2020/traffic_pl_left/model.sdf
-- Installing: /home/phet/formation_turtlebot/install/leader_bot/share/leader_bot/models/turtlebot3_autorace_2020/traffic_pl_left/model.config
-- Installing: /home/phet/formation_turtlebot/install/leader_bot/share/leader_bot/models/turtlebot3_autorace_2020/traffic_pl_left/materials
-- Installing: /home/phet/formation_turtlebot/install/leader_bot/share/leader_bot/models/turtlebot3_autorace_2020/traffic_pl_left/materials/textures
-- Installing: /home/phet/formation_turtlebot/install/leader_bot/share/leader_bot/models/turtlebot3_autorace_2020/traffic_pl_left/materials/textures/traffic_pl_left.png
-- Installing: /home/phet/formation_turtlebot/install/leader_bot/share/leader_bot/models/turtlebot3_autorace_2020/traffic_pl_left/materials/scripts
-- Installing: /home/phet/formation_turtlebot/install/leader_bot/share/leader_bot/models/turtlebot3_autorace_2020/traffic_pl_left/materials/scripts/traffic_pl_left.material
-- Installing: /home/phet/formation_turtlebot/install/leader_bot/share/leader_bot/models/turtlebot3_autorace_2020/traffic_light
-- Installing: /home/phet/formation_turtlebot/install/leader_bot/share/leader_bot/models/turtlebot3_autorace_2020/traffic_light/model.sdf
-- Installing: /home/phet/formation_turtlebot/install/leader_bot/share/leader_bot/models/turtlebot3_autorace_2020/traffic_light/model.config
-- Installing: /home/phet/formation_turtlebot/install/leader_bot/share/leader_bot/models/turtlebot3_autorace_2020/traffic_light/materials
-- Installing: /home/phet/formation_turtlebot/install/leader_bot/share/leader_bot/models/turtlebot3_autorace_2020/traffic_light/materials/textures
-- Installing: /home/phet/formation_turtlebot/install/leader_bot/share/leader_bot/models/turtlebot3_autorace_2020/traffic_light/materials/textures/traffic_light_green.png
-- Installing: /home/phet/formation_turtlebot/install/leader_bot/share/leader_bot/models/turtlebot3_autorace_2020/traffic_light/materials/textures/traffic_light.png
-- Installing: /home/phet/formation_turtlebot/install/leader_bot/share/leader_bot/models/turtlebot3_autorace_2020/traffic_light/materials/textures/traffic_light_red.png
-- Installing: /home/phet/formation_turtlebot/install/leader_bot/share/leader_bot/models/turtlebot3_autorace_2020/traffic_light/materials/textures/traffic_light_yellow.png
-- Installing: /home/phet/formation_turtlebot/install/leader_bot/share/leader_bot/models/turtlebot3_autorace_2020/traffic_light/materials/scripts
-- Installing: /home/phet/formation_turtlebot/install/leader_bot/share/leader_bot/models/turtlebot3_autorace_2020/traffic_light/materials/scripts/traffic_light.material
-- Installing: /home/phet/formation_turtlebot/install/leader_bot/share/leader_bot/models/turtlebot3_autorace_2020/traffic_tunnel
-- Installing: /home/phet/formation_turtlebot/install/leader_bot/share/leader_bot/models/turtlebot3_autorace_2020/traffic_tunnel/model.sdf
-- Installing: /home/phet/formation_turtlebot/install/leader_bot/share/leader_bot/models/turtlebot3_autorace_2020/traffic_tunnel/model.config
-- Installing: /home/phet/formation_turtlebot/install/leader_bot/share/leader_bot/models/turtlebot3_autorace_2020/traffic_tunnel/materials
-- Installing: /home/phet/formation_turtlebot/install/leader_bot/share/leader_bot/models/turtlebot3_autorace_2020/traffic_tunnel/materials/textures
-- Installing: /home/phet/formation_turtlebot/install/leader_bot/share/leader_bot/models/turtlebot3_autorace_2020/traffic_tunnel/materials/textures/tunnel.png
-- Installing: /home/phet/formation_turtlebot/install/leader_bot/share/leader_bot/models/turtlebot3_autorace_2020/traffic_tunnel/materials/scripts
-- Installing: /home/phet/formation_turtlebot/install/leader_bot/share/leader_bot/models/turtlebot3_autorace_2020/traffic_tunnel/materials/scripts/tunnel.material
-- Installing: /home/phet/formation_turtlebot/install/leader_bot/share/leader_bot/models/turtlebot3_autorace_2020/traffic_bar
-- Installing: /home/phet/formation_turtlebot/install/leader_bot/share/leader_bot/models/turtlebot3_autorace_2020/traffic_bar/model.sdf
-- Installing: /home/phet/formation_turtlebot/install/leader_bot/share/leader_bot/models/turtlebot3_autorace_2020/traffic_bar/model.config
-- Installing: /home/phet/formation_turtlebot/install/leader_bot/share/leader_bot/models/turtlebot3_autorace_2020/traffic_bar/materials
-- Installing: /home/phet/formation_turtlebot/install/leader_bot/share/leader_bot/models/turtlebot3_autorace_2020/traffic_bar/materials/textures
-- Installing: /home/phet/formation_turtlebot/install/leader_bot/share/leader_bot/models/turtlebot3_autorace_2020/traffic_bar/materials/textures/traffic_bar.png
-- Installing: /home/phet/formation_turtlebot/install/leader_bot/share/leader_bot/models/turtlebot3_autorace_2020/traffic_bar/materials/scripts
-- Installing: /home/phet/formation_turtlebot/install/leader_bot/share/leader_bot/models/turtlebot3_autorace_2020/traffic_bar/materials/scripts/traffic_bar.material
-- Installing: /home/phet/formation_turtlebot/install/leader_bot/share/leader_bot/models/turtlebot3_autorace_2020/traffic_stop
-- Installing: /home/phet/formation_turtlebot/install/leader_bot/share/leader_bot/models/turtlebot3_autorace_2020/traffic_stop/model.sdf
-- Installing: /home/phet/formation_turtlebot/install/leader_bot/share/leader_bot/models/turtlebot3_autorace_2020/traffic_stop/model.config
-- Installing: /home/phet/formation_turtlebot/install/leader_bot/share/leader_bot/models/turtlebot3_autorace_2020/traffic_stop/materials
-- Installing: /home/phet/formation_turtlebot/install/leader_bot/share/leader_bot/models/turtlebot3_autorace_2020/traffic_stop/materials/textures
-- Installing: /home/phet/formation_turtlebot/install/leader_bot/share/leader_bot/models/turtlebot3_autorace_2020/traffic_stop/materials/textures/traffic_stop.png
-- Installing: /home/phet/formation_turtlebot/install/leader_bot/share/leader_bot/models/turtlebot3_autorace_2020/traffic_stop/materials/scripts
-- Installing: /home/phet/formation_turtlebot/install/leader_bot/share/leader_bot/models/turtlebot3_autorace_2020/traffic_stop/materials/scripts/traffic_stop.material
-- Installing: /home/phet/formation_turtlebot/install/leader_bot/share/leader_bot/models/turtlebot3_autorace_2020/traffic_intersection
-- Installing: /home/phet/formation_turtlebot/install/leader_bot/share/leader_bot/models/turtlebot3_autorace_2020/traffic_intersection/model.sdf
-- Installing: /home/phet/formation_turtlebot/install/leader_bot/share/leader_bot/models/turtlebot3_autorace_2020/traffic_intersection/model.config
-- Installing: /home/phet/formation_turtlebot/install/leader_bot/share/leader_bot/models/turtlebot3_autorace_2020/traffic_intersection/materials
-- Installing: /home/phet/formation_turtlebot/install/leader_bot/share/leader_bot/models/turtlebot3_autorace_2020/traffic_intersection/materials/textures
-- Installing: /home/phet/formation_turtlebot/install/leader_bot/share/leader_bot/models/turtlebot3_autorace_2020/traffic_intersection/materials/textures/traffic_intersection.png
-- Installing: /home/phet/formation_turtlebot/install/leader_bot/share/leader_bot/models/turtlebot3_autorace_2020/traffic_intersection/materials/scripts
-- Installing: /home/phet/formation_turtlebot/install/leader_bot/share/leader_bot/models/turtlebot3_autorace_2020/traffic_intersection/materials/scripts/traffic_intersection.material
-- Installing: /home/phet/formation_turtlebot/install/leader_bot/share/leader_bot/models/turtlebot3_autorace_2020/traffic_noentry
-- Installing: /home/phet/formation_turtlebot/install/leader_bot/share/leader_bot/models/turtlebot3_autorace_2020/traffic_noentry/model.sdf
-- Installing: /home/phet/formation_turtlebot/install/leader_bot/share/leader_bot/models/turtlebot3_autorace_2020/traffic_noentry/model.config
-- Installing: /home/phet/formation_turtlebot/install/leader_bot/share/leader_bot/models/turtlebot3_autorace_2020/traffic_noentry/materials
-- Installing: /home/phet/formation_turtlebot/install/leader_bot/share/leader_bot/models/turtlebot3_autorace_2020/traffic_noentry/materials/textures
-- Installing: /home/phet/formation_turtlebot/install/leader_bot/share/leader_bot/models/turtlebot3_autorace_2020/traffic_noentry/materials/textures/traffic_noentry.png
-- Installing: /home/phet/formation_turtlebot/install/leader_bot/share/leader_bot/models/turtlebot3_autorace_2020/traffic_noentry/materials/scripts
-- Installing: /home/phet/formation_turtlebot/install/leader_bot/share/leader_bot/models/turtlebot3_autorace_2020/traffic_noentry/materials/scripts/traffic_noentry.material
-- Installing: /home/phet/formation_turtlebot/install/leader_bot/share/leader_bot/models/turtlebot3_autorace_2020/traffic_construction
-- Installing: /home/phet/formation_turtlebot/install/leader_bot/share/leader_bot/models/turtlebot3_autorace_2020/traffic_construction/model.sdf
-- Installing: /home/phet/formation_turtlebot/install/leader_bot/share/leader_bot/models/turtlebot3_autorace_2020/traffic_construction/model.config
-- Installing: /home/phet/formation_turtlebot/install/leader_bot/share/leader_bot/models/turtlebot3_autorace_2020/traffic_construction/materials
-- Installing: /home/phet/formation_turtlebot/install/leader_bot/share/leader_bot/models/turtlebot3_autorace_2020/traffic_construction/materials/textures
-- Installing: /home/phet/formation_turtlebot/install/leader_bot/share/leader_bot/models/turtlebot3_autorace_2020/traffic_construction/materials/textures/traffic_construction.png
-- Installing: /home/phet/formation_turtlebot/install/leader_bot/share/leader_bot/models/turtlebot3_autorace_2020/traffic_construction/materials/scripts
-- Installing: /home/phet/formation_turtlebot/install/leader_bot/share/leader_bot/models/turtlebot3_autorace_2020/traffic_construction/materials/scripts/traffic_construction.material
-- Installing: /home/phet/formation_turtlebot/install/leader_bot/share/leader_bot/models/turtlebot3_autorace_2020/course
-- Installing: /home/phet/formation_turtlebot/install/leader_bot/share/leader_bot/models/turtlebot3_autorace_2020/course/model.sdf
-- Installing: /home/phet/formation_turtlebot/install/leader_bot/share/leader_bot/models/turtlebot3_autorace_2020/course/model.config
-- Installing: /home/phet/formation_turtlebot/install/leader_bot/share/leader_bot/models/turtlebot3_autorace_2020/course/materials
-- Installing: /home/phet/formation_turtlebot/install/leader_bot/share/leader_bot/models/turtlebot3_autorace_2020/course/materials/textures
-- Installing: /home/phet/formation_turtlebot/install/leader_bot/share/leader_bot/models/turtlebot3_autorace_2020/course/materials/textures/course.png
-- Installing: /home/phet/formation_turtlebot/install/leader_bot/share/leader_bot/models/turtlebot3_autorace_2020/course/materials/scripts
-- Installing: /home/phet/formation_turtlebot/install/leader_bot/share/leader_bot/models/turtlebot3_autorace_2020/course/materials/scripts/course.material
-- Installing: /home/phet/formation_turtlebot/install/leader_bot/share/leader_bot/models/turtlebot3_autorace_2020/traffic_right
-- Installing: /home/phet/formation_turtlebot/install/leader_bot/share/leader_bot/models/turtlebot3_autorace_2020/traffic_right/model.sdf
-- Installing: /home/phet/formation_turtlebot/install/leader_bot/share/leader_bot/models/turtlebot3_autorace_2020/traffic_right/model.config
-- Installing: /home/phet/formation_turtlebot/install/leader_bot/share/leader_bot/models/turtlebot3_autorace_2020/traffic_right/materials
-- Installing: /home/phet/formation_turtlebot/install/leader_bot/share/leader_bot/models/turtlebot3_autorace_2020/traffic_right/materials/textures
-- Installing: /home/phet/formation_turtlebot/install/leader_bot/share/leader_bot/models/turtlebot3_autorace_2020/traffic_right/materials/textures/traffic_right.png
-- Installing: /home/phet/formation_turtlebot/install/leader_bot/share/leader_bot/models/turtlebot3_autorace_2020/traffic_right/materials/scripts
-- Installing: /home/phet/formation_turtlebot/install/leader_bot/share/leader_bot/models/turtlebot3_autorace_2020/traffic_right/materials/scripts/traffic_right.material
-- Installing: /home/phet/formation_turtlebot/install/leader_bot/share/leader_bot/models/turtlebot3_autorace_2020/checker
-- Installing: /home/phet/formation_turtlebot/install/leader_bot/share/leader_bot/models/turtlebot3_autorace_2020/checker/model.sdf
-- Installing: /home/phet/formation_turtlebot/install/leader_bot/share/leader_bot/models/turtlebot3_autorace_2020/checker/model.config
-- Installing: /home/phet/formation_turtlebot/install/leader_bot/share/leader_bot/models/turtlebot3_autorace_2020/checker/materials
-- Installing: /home/phet/formation_turtlebot/install/leader_bot/share/leader_bot/models/turtlebot3_autorace_2020/checker/materials/textures
-- Installing: /home/phet/formation_turtlebot/install/leader_bot/share/leader_bot/models/turtlebot3_autorace_2020/checker/materials/textures/checker.png
-- Installing: /home/phet/formation_turtlebot/install/leader_bot/share/leader_bot/models/turtlebot3_autorace_2020/checker/materials/checker.png
-- Installing: /home/phet/formation_turtlebot/install/leader_bot/share/leader_bot/models/turtlebot3_autorace_2020/checker/materials/scripts
-- Installing: /home/phet/formation_turtlebot/install/leader_bot/share/leader_bot/models/turtlebot3_autorace_2020/checker/materials/scripts/checker.material
-- Installing: /home/phet/formation_turtlebot/install/leader_bot/share/leader_bot/models/turtlebot3_autorace_2020/traffic_parking
-- Installing: /home/phet/formation_turtlebot/install/leader_bot/share/leader_bot/models/turtlebot3_autorace_2020/traffic_parking/model.sdf
-- Installing: /home/phet/formation_turtlebot/install/leader_bot/share/leader_bot/models/turtlebot3_autorace_2020/traffic_parking/model.config
-- Installing: /home/phet/formation_turtlebot/install/leader_bot/share/leader_bot/models/turtlebot3_autorace_2020/traffic_parking/materials
-- Installing: /home/phet/formation_turtlebot/install/leader_bot/share/leader_bot/models/turtlebot3_autorace_2020/traffic_parking/materials/textures
-- Installing: /home/phet/formation_turtlebot/install/leader_bot/share/leader_bot/models/turtlebot3_autorace_2020/traffic_parking/materials/textures/traffic_parking.png
-- Installing: /home/phet/formation_turtlebot/install/leader_bot/share/leader_bot/models/turtlebot3_autorace_2020/traffic_parking/materials/scripts
-- Installing: /home/phet/formation_turtlebot/install/leader_bot/share/leader_bot/models/turtlebot3_autorace_2020/traffic_parking/materials/scripts/traffic_parking.material
-- Installing: /home/phet/formation_turtlebot/install/leader_bot/share/leader_bot/models/turtlebot3_burger
-- Installing: /home/phet/formation_turtlebot/install/leader_bot/share/leader_bot/models/turtlebot3_burger/model.sdf
-- Installing: /home/phet/formation_turtlebot/install/leader_bot/share/leader_bot/models/turtlebot3_burger/model.config
-- Installing: /home/phet/formation_turtlebot/install/leader_bot/share/leader_bot/models/turtlebot3_burger/model-1_4.sdf
-- Installing: /home/phet/formation_turtlebot/install/leader_bot/share/leader_bot/models/turtlebot3_burger_cam
-- Installing: /home/phet/formation_turtlebot/install/leader_bot/share/leader_bot/models/turtlebot3_burger_cam/model.sdf
-- Installing: /home/phet/formation_turtlebot/install/leader_bot/share/leader_bot/models/turtlebot3_burger_cam/model.config
-- Installing: /home/phet/formation_turtlebot/install/leader_bot/share/leader_bot/models/turtlebot3_burger_cam/model-1_4.sdf
-- Installing: /home/phet/formation_turtlebot/install/leader_bot/share/leader_bot/meshes
-- Installing: /home/phet/formation_turtlebot/install/leader_bot/share/leader_bot/meshes/wheels
-- Installing: /home/phet/formation_turtlebot/install/leader_bot/share/leader_bot/meshes/wheels/right_tire.stl
-- Installing: /home/phet/formation_turtlebot/install/leader_bot/share/leader_bot/meshes/wheels/left_tire.stl
-- Installing: /home/phet/formation_turtlebot/install/leader_bot/share/leader_bot/meshes/bases
-- Installing: /home/phet/formation_turtlebot/install/leader_bot/share/leader_bot/meshes/bases/waffle_pi_base.stl
-- Installing: /home/phet/formation_turtlebot/install/leader_bot/share/leader_bot/meshes/bases/burger_base.stl
-- Installing: /home/phet/formation_turtlebot/install/leader_bot/share/leader_bot/meshes/bases/waffle_base.stl
-- Installing: /home/phet/formation_turtlebot/install/leader_bot/share/leader_bot/meshes/sensors
-- Installing: /home/phet/formation_turtlebot/install/leader_bot/share/leader_bot/meshes/sensors/astra.jpg
-- Installing: /home/phet/formation_turtlebot/install/leader_bot/share/leader_bot/meshes/sensors/r200.jpg
-- Installing: /home/phet/formation_turtlebot/install/leader_bot/share/leader_bot/meshes/sensors/r200.dae
-- Installing: /home/phet/formation_turtlebot/install/leader_bot/share/leader_bot/meshes/sensors/lds.stl
-- Installing: /home/phet/formation_turtlebot/install/leader_bot/share/leader_bot/meshes/sensors/astra.dae
-- Installing: /home/phet/formation_turtlebot/install/leader_bot/share/leader_bot/worlds
-- Installing: /home/phet/formation_turtlebot/install/leader_bot/share/leader_bot/worlds/turtlebot3_dqn_stage3.world
-- Installing: /home/phet/formation_turtlebot/install/leader_bot/share/leader_bot/worlds/turtlebot3_house.world
-- Installing: /home/phet/formation_turtlebot/install/leader_bot/share/leader_bot/worlds/empty_world.world
-- Installing: /home/phet/formation_turtlebot/install/leader_bot/share/leader_bot/worlds/turtlebot3_dqn_stage2.world
-- Installing: /home/phet/formation_turtlebot/install/leader_bot/share/leader_bot/worlds/turtlebot3_world.world
-- Installing: /home/phet/formation_turtlebot/install/leader_bot/share/leader_bot/worlds/turtlebot3_dqn_stage4.world
-- Installing: /home/phet/formation_turtlebot/install/leader_bot/share/leader_bot/worlds/turtlebot3_dqn_stage1.world
-- Installing: /home/phet/formation_turtlebot/install/leader_bot/share/leader_bot/worlds/turtlebot3_autorace_2020.world
-- Installing: /home/phet/formation_turtlebot/install/leader_bot/share/leader_bot/launch
-- Installing: /home/phet/formation_turtlebot/install/leader_bot/share/leader_bot/launch/turtlebot3_dqn_stage1.launch.py
-- Installing: /home/phet/formation_turtlebot/install/leader_bot/share/leader_bot/launch/turtlebot3_autorace_2020.launch.py
-- Installing: /home/phet/formation_turtlebot/install/leader_bot/share/leader_bot/launch/robot_state_publisher.launch.py
-- Installing: /home/phet/formation_turtlebot/install/leader_bot/share/leader_bot/launch/turtlebot3_world.launch.py
-- Installing: /home/phet/formation_turtlebot/install/leader_bot/share/leader_bot/launch/turtlebot3_dqn_stage4.launch.py
-- Installing: /home/phet/formation_turtlebot/install/leader_bot/share/leader_bot/launch/multi_spawn_turtlebot3.launch.py
-- Installing: /home/phet/formation_turtlebot/install/leader_bot/share/leader_bot/launch/spawn_turtlebot3.launch.py
-- Installing: /home/phet/formation_turtlebot/install/leader_bot/share/leader_bot/launch/empty_world.launch.py
-- Installing: /home/phet/formation_turtlebot/install/leader_bot/share/leader_bot/launch/multi_robot.launch.py
-- Installing: /home/phet/formation_turtlebot/install/leader_bot/share/leader_bot/launch/turtlebot3_house.launch.py
-- Installing: /home/phet/formation_turtlebot/install/leader_bot/share/leader_bot/launch/turtlebot3_dqn_stage3.launch.py
-- Installing: /home/phet/formation_turtlebot/install/leader_bot/share/leader_bot/launch/turtlebot3_dqn_stage2.launch.py
-- Installing: /home/phet/formation_turtlebot/install/leader_bot/share/leader_bot/scripts
-- Installing: /home/phet/formation_turtlebot/install/leader_bot/share/leader_bot/scripts/convert_real_image_to_fisheye.py
-- Installing: /home/phet/formation_turtlebot/install/leader_bot/share/leader_bot/scripts/make_image_to_panorama.py
-- Installing: /home/phet/formation_turtlebot/install/leader_bot/share/leader_bot/scripts/convert_fisheye_to_image.py
-- Installing: /home/phet/formation_turtlebot/install/leader_bot/share/leader_bot/scripts/make_image_to_panorama2.py
-- Installing: /home/phet/formation_turtlebot/install/leader_bot/share/leader_bot/scripts/real_image.py
-- Installing: /home/phet/formation_turtlebot/install/leader_bot/share/leader_bot/urdf
-- Installing: /home/phet/formation_turtlebot/install/leader_bot/share/leader_bot/urdf/turtlebot3_burger_cam.urdf
-- Installing: /home/phet/formation_turtlebot/install/leader_bot/share/leader_bot/urdf/turtlebot3_waffle_pi.urdf
-- Installing: /home/phet/formation_turtlebot/install/leader_bot/share/leader_bot/urdf/common_properties.urdf
-- Installing: /home/phet/formation_turtlebot/install/leader_bot/share/leader_bot/urdf/turtlebot3_burger.urdf
-- Installing: /home/phet/formation_turtlebot/install/leader_bot/share/leader_bot/urdf/turtlebot3_waffle.urdf
-- Installing: /home/phet/formation_turtlebot/install/leader_bot/share/leader_bot/rviz
-- Installing: /home/phet/formation_turtlebot/install/leader_bot/share/leader_bot/rviz/tb3_gazebo.rviz
-- Installing: /home/phet/formation_turtlebot/install/leader_bot/share/ament_index/resource_index/package_run_dependencies/leader_bot
-- Installing: /home/phet/formation_turtlebot/install/leader_bot/share/ament_index/resource_index/parent_prefix_path/leader_bot
-- Installing: /home/phet/formation_turtlebot/install/leader_bot/share/leader_bot/environment/ament_prefix_path.sh
-- Installing: /home/phet/formation_turtlebot/install/leader_bot/share/leader_bot/environment/ament_prefix_path.dsv
-- Installing: /home/phet/formation_turtlebot/install/leader_bot/share/leader_bot/environment/path.sh
-- Installing: /home/phet/formation_turtlebot/install/leader_bot/share/leader_bot/environment/path.dsv
-- Installing: /home/phet/formation_turtlebot/install/leader_bot/share/leader_bot/local_setup.bash
-- Installing: /home/phet/formation_turtlebot/install/leader_bot/share/leader_bot/local_setup.sh
-- Installing: /home/phet/formation_turtlebot/install/leader_bot/share/leader_bot/local_setup.zsh
-- Installing: /home/phet/formation_turtlebot/install/leader_bot/share/leader_bot/local_setup.dsv
-- Installing: /home/phet/formation_turtlebot/install/leader_bot/share/leader_bot/package.dsv
-- Installing: /home/phet/formation_turtlebot/install/leader_bot/share/ament_index/resource_index/packages/leader_bot
-- Installing: /home/phet/formation_turtlebot/install/leader_bot/share/leader_bot/cmake/leader_botConfig.cmake
-- Installing: /home/phet/formation_turtlebot/install/leader_bot/share/leader_bot/cmake/leader_botConfig-version.cmake
-- Installing: /home/phet/formation_turtlebot/install/leader_bot/share/leader_bot/package.xml
