[0.953s] Invoking command in '/home/phet/formation_turtlebot/src/turtlebot3_teleop': PYTHONPATH=/home/phet/formation_turtlebot/build/turtlebot3_teleop/prefix_override:/usr/lib/python3/dist-packages/colcon_core/task/python/colcon_distutils_commands:/home/phet/formation_turtlebot/install/turtlebot3_teleop/lib/python3.10/site-packages:${PYTHONPATH} /usr/bin/python3 -W ignore:setup.py install is deprecated -W ignore:easy_install command is deprecated setup.py egg_info --egg-base ../../build/turtlebot3_teleop build --build-base /home/phet/formation_turtlebot/build/turtlebot3_teleop/build install --record /home/phet/formation_turtlebot/build/turtlebot3_teleop/install.log --single-version-externally-managed install_data
[1.179s] running egg_info
[1.179s] creating ../../build/turtlebot3_teleop/turtlebot3_teleop.egg-info
[1.179s] writing ../../build/turtlebot3_teleop/turtlebot3_teleop.egg-info/PKG-INFO
[1.179s] writing dependency_links to ../../build/turtlebot3_teleop/turtlebot3_teleop.egg-info/dependency_links.txt
[1.180s] writing entry points to ../../build/turtlebot3_teleop/turtlebot3_teleop.egg-info/entry_points.txt
[1.180s] writing requirements to ../../build/turtlebot3_teleop/turtlebot3_teleop.egg-info/requires.txt
[1.180s] writing top-level names to ../../build/turtlebot3_teleop/turtlebot3_teleop.egg-info/top_level.txt
[1.180s] writing manifest file '../../build/turtlebot3_teleop/turtlebot3_teleop.egg-info/SOURCES.txt'
[1.181s] reading manifest file '../../build/turtlebot3_teleop/turtlebot3_teleop.egg-info/SOURCES.txt'
[1.182s] writing manifest file '../../build/turtlebot3_teleop/turtlebot3_teleop.egg-info/SOURCES.txt'
[1.182s] running build
[1.182s] running build_py
[1.182s] creating /home/phet/formation_turtlebot/build/turtlebot3_teleop/build
[1.182s] creating /home/phet/formation_turtlebot/build/turtlebot3_teleop/build/lib
[1.182s] creating /home/phet/formation_turtlebot/build/turtlebot3_teleop/build/lib/turtlebot3_teleop
[1.182s] copying turtlebot3_teleop/__init__.py -> /home/phet/formation_turtlebot/build/turtlebot3_teleop/build/lib/turtlebot3_teleop
[1.182s] creating /home/phet/formation_turtlebot/build/turtlebot3_teleop/build/lib/turtlebot3_teleop/script
[1.182s] copying turtlebot3_teleop/script/__init__.py -> /home/phet/formation_turtlebot/build/turtlebot3_teleop/build/lib/turtlebot3_teleop/script
[1.182s] copying turtlebot3_teleop/script/teleop_keyboard.py -> /home/phet/formation_turtlebot/build/turtlebot3_teleop/build/lib/turtlebot3_teleop/script
[1.183s] running install
[1.183s] running install_lib
[1.183s] creating /home/phet/formation_turtlebot/install/turtlebot3_teleop/lib/python3.10/site-packages/turtlebot3_teleop
[1.183s] creating /home/phet/formation_turtlebot/install/turtlebot3_teleop/lib/python3.10/site-packages/turtlebot3_teleop/script
[1.183s] copying /home/phet/formation_turtlebot/build/turtlebot3_teleop/build/lib/turtlebot3_teleop/script/__init__.py -> /home/phet/formation_turtlebot/install/turtlebot3_teleop/lib/python3.10/site-packages/turtlebot3_teleop/script
[1.183s] copying /home/phet/formation_turtlebot/build/turtlebot3_teleop/build/lib/turtlebot3_teleop/script/teleop_keyboard.py -> /home/phet/formation_turtlebot/install/turtlebot3_teleop/lib/python3.10/site-packages/turtlebot3_teleop/script
[1.183s] copying /home/phet/formation_turtlebot/build/turtlebot3_teleop/build/lib/turtlebot3_teleop/__init__.py -> /home/phet/formation_turtlebot/install/turtlebot3_teleop/lib/python3.10/site-packages/turtlebot3_teleop
[1.184s] byte-compiling /home/phet/formation_turtlebot/install/turtlebot3_teleop/lib/python3.10/site-packages/turtlebot3_teleop/script/__init__.py to __init__.cpython-310.pyc
[1.184s] byte-compiling /home/phet/formation_turtlebot/install/turtlebot3_teleop/lib/python3.10/site-packages/turtlebot3_teleop/script/teleop_keyboard.py to teleop_keyboard.cpython-310.pyc
[1.185s] byte-compiling /home/phet/formation_turtlebot/install/turtlebot3_teleop/lib/python3.10/site-packages/turtlebot3_teleop/__init__.py to __init__.cpython-310.pyc
[1.185s] running install_data
[1.185s] creating /home/phet/formation_turtlebot/install/turtlebot3_teleop/share/ament_index
[1.185s] creating /home/phet/formation_turtlebot/install/turtlebot3_teleop/share/ament_index/resource_index
[1.185s] creating /home/phet/formation_turtlebot/install/turtlebot3_teleop/share/ament_index/resource_index/packages
[1.186s] copying resource/turtlebot3_teleop -> /home/phet/formation_turtlebot/install/turtlebot3_teleop/share/ament_index/resource_index/packages
[1.186s] copying package.xml -> /home/phet/formation_turtlebot/install/turtlebot3_teleop/share/turtlebot3_teleop
[1.186s] running install_egg_info
[1.187s] Copying ../../build/turtlebot3_teleop/turtlebot3_teleop.egg-info to /home/phet/formation_turtlebot/install/turtlebot3_teleop/lib/python3.10/site-packages/turtlebot3_teleop-2.2.5-py3.10.egg-info
[1.188s] running install_scripts
[1.205s] Installing teleop_keyboard script to /home/phet/formation_turtlebot/install/turtlebot3_teleop/lib/turtlebot3_teleop
[1.206s] writing list of installed files to '/home/phet/formation_turtlebot/build/turtlebot3_teleop/install.log'
[1.237s] Invoked command in '/home/phet/formation_turtlebot/src/turtlebot3_teleop' returned '0': PYTHONPATH=/home/phet/formation_turtlebot/build/turtlebot3_teleop/prefix_override:/usr/lib/python3/dist-packages/colcon_core/task/python/colcon_distutils_commands:/home/phet/formation_turtlebot/install/turtlebot3_teleop/lib/python3.10/site-packages:${PYTHONPATH} /usr/bin/python3 -W ignore:setup.py install is deprecated -W ignore:easy_install command is deprecated setup.py egg_info --egg-base ../../build/turtlebot3_teleop build --build-base /home/phet/formation_turtlebot/build/turtlebot3_teleop/build install --record /home/phet/formation_turtlebot/build/turtlebot3_teleop/install.log --single-version-externally-managed install_data
