[0.050s] Invoking command in '/home/phet/formation_turtlebot/build/turtlebot3_cartographer': CMAKE_PREFIX_PATH=${CMAKE_PREFIX_PATH}:/home/phet/formation_turtlebot/install/turtlebot3_teleop:/home/phet/formation_turtlebot/install/turtlebot3_example:/home/phet/install/examples_rclpy_minimal_action_server:/home/phet/install/examples_rclpy_minimal_action_client:/home/phet/install/examples_rclpy_guard_conditions:/home/phet/install/examples_rclpy_executors:/opt/ros/humble /usr/bin/cmake --build /home/phet/formation_turtlebot/build/turtlebot3_cartographer -- -j16 -l16
[0.550s] Invoked command in '/home/phet/formation_turtlebot/build/turtlebot3_cartographer' returned '0': CMAKE_PREFIX_PATH=${CMAKE_PREFIX_PATH}:/home/phet/formation_turtlebot/install/turtlebot3_teleop:/home/phet/formation_turtlebot/install/turtlebot3_example:/home/phet/install/examples_rclpy_minimal_action_server:/home/phet/install/examples_rclpy_minimal_action_client:/home/phet/install/examples_rclpy_guard_conditions:/home/phet/install/examples_rclpy_executors:/opt/ros/humble /usr/bin/cmake --build /home/phet/formation_turtlebot/build/turtlebot3_cartographer -- -j16 -l16
[0.551s] Invoking command in '/home/phet/formation_turtlebot/build/turtlebot3_cartographer': CMAKE_PREFIX_PATH=${CMAKE_PREFIX_PATH}:/home/phet/formation_turtlebot/install/turtlebot3_teleop:/home/phet/formation_turtlebot/install/turtlebot3_example:/home/phet/install/examples_rclpy_minimal_action_server:/home/phet/install/examples_rclpy_minimal_action_client:/home/phet/install/examples_rclpy_guard_conditions:/home/phet/install/examples_rclpy_executors:/opt/ros/humble /usr/bin/cmake --install /home/phet/formation_turtlebot/build/turtlebot3_cartographer
[0.560s] -- Install configuration: ""
[0.560s] -- Up-to-date: /home/phet/formation_turtlebot/install/turtlebot3_cartographer/share/turtlebot3_cartographer/config
[0.560s] -- Up-to-date: /home/phet/formation_turtlebot/install/turtlebot3_cartographer/share/turtlebot3_cartographer/config/turtlebot3_lds_2d.lua
[0.561s] -- Up-to-date: /home/phet/formation_turtlebot/install/turtlebot3_cartographer/share/turtlebot3_cartographer/launch
[0.561s] -- Up-to-date: /home/phet/formation_turtlebot/install/turtlebot3_cartographer/share/turtlebot3_cartographer/launch/occupancy_grid.launch.py
[0.561s] -- Up-to-date: /home/phet/formation_turtlebot/install/turtlebot3_cartographer/share/turtlebot3_cartographer/launch/cartographer.launch.py
[0.561s] -- Up-to-date: /home/phet/formation_turtlebot/install/turtlebot3_cartographer/share/turtlebot3_cartographer/rviz
[0.561s] -- Up-to-date: /home/phet/formation_turtlebot/install/turtlebot3_cartographer/share/turtlebot3_cartographer/rviz/tb3_cartographer.rviz
[0.561s] -- Up-to-date: /home/phet/formation_turtlebot/install/turtlebot3_cartographer/share/ament_index/resource_index/package_run_dependencies/turtlebot3_cartographer
[0.561s] -- Up-to-date: /home/phet/formation_turtlebot/install/turtlebot3_cartographer/share/ament_index/resource_index/parent_prefix_path/turtlebot3_cartographer
[0.561s] -- Up-to-date: /home/phet/formation_turtlebot/install/turtlebot3_cartographer/share/turtlebot3_cartographer/environment/ament_prefix_path.sh
[0.562s] -- Up-to-date: /home/phet/formation_turtlebot/install/turtlebot3_cartographer/share/turtlebot3_cartographer/environment/ament_prefix_path.dsv
[0.562s] -- Up-to-date: /home/phet/formation_turtlebot/install/turtlebot3_cartographer/share/turtlebot3_cartographer/environment/path.sh
[0.562s] -- Up-to-date: /home/phet/formation_turtlebot/install/turtlebot3_cartographer/share/turtlebot3_cartographer/environment/path.dsv
[0.562s] -- Up-to-date: /home/phet/formation_turtlebot/install/turtlebot3_cartographer/share/turtlebot3_cartographer/local_setup.bash
[0.563s] -- Up-to-date: /home/phet/formation_turtlebot/install/turtlebot3_cartographer/share/turtlebot3_cartographer/local_setup.sh
[0.563s] -- Up-to-date: /home/phet/formation_turtlebot/install/turtlebot3_cartographer/share/turtlebot3_cartographer/local_setup.zsh
[0.563s] -- Up-to-date: /home/phet/formation_turtlebot/install/turtlebot3_cartographer/share/turtlebot3_cartographer/local_setup.dsv
[0.564s] -- Installing: /home/phet/formation_turtlebot/install/turtlebot3_cartographer/share/turtlebot3_cartographer/package.dsv
[0.564s] -- Up-to-date: /home/phet/formation_turtlebot/install/turtlebot3_cartographer/share/ament_index/resource_index/packages/turtlebot3_cartographer
[0.564s] -- Up-to-date: /home/phet/formation_turtlebot/install/turtlebot3_cartographer/share/turtlebot3_cartographer/cmake/turtlebot3_cartographerConfig.cmake
[0.564s] -- Up-to-date: /home/phet/formation_turtlebot/install/turtlebot3_cartographer/share/turtlebot3_cartographer/cmake/turtlebot3_cartographerConfig-version.cmake
[0.564s] -- Up-to-date: /home/phet/formation_turtlebot/install/turtlebot3_cartographer/share/turtlebot3_cartographer/package.xml
[0.570s] Invoked command in '/home/phet/formation_turtlebot/build/turtlebot3_cartographer' returned '0': CMAKE_PREFIX_PATH=${CMAKE_PREFIX_PATH}:/home/phet/formation_turtlebot/install/turtlebot3_teleop:/home/phet/formation_turtlebot/install/turtlebot3_example:/home/phet/install/examples_rclpy_minimal_action_server:/home/phet/install/examples_rclpy_minimal_action_client:/home/phet/install/examples_rclpy_guard_conditions:/home/phet/install/examples_rclpy_executors:/opt/ros/humble /usr/bin/cmake --install /home/phet/formation_turtlebot/build/turtlebot3_cartographer
