[0.506s] Invoking command in '/home/phet/formation_turtlebot/build/leader_bot': CMAKE_PREFIX_PATH=${CMAKE_PREFIX_PATH}:/home/phet/formation_turtlebot/install/turtlebot3_teleop:/home/phet/formation_turtlebot/install/turtlebot3_example:/home/phet/install/examples_rclpy_minimal_action_server:/home/phet/install/examples_rclpy_minimal_action_client:/home/phet/install/examples_rclpy_guard_conditions:/home/phet/install/examples_rclpy_executors:/opt/ros/humble /usr/bin/cmake --build /home/phet/formation_turtlebot/build/leader_bot -- -j16 -l16
[0.553s] [100%] Built target cpp_node
[0.562s] [100%] Built target ament_cmake_python_copy_leader_bot
[0.801s] running egg_info
[0.802s] writing leader_bot.egg-info/PKG-INFO
[0.802s] writing dependency_links to leader_bot.egg-info/dependency_links.txt
[0.802s] writing top-level names to leader_bot.egg-info/top_level.txt
[0.803s] reading manifest file 'leader_bot.egg-info/SOURCES.txt'
[0.804s] writing manifest file 'leader_bot.egg-info/SOURCES.txt'
[0.837s] [100%] Built target ament_cmake_python_build_leader_bot_egg
[0.850s] Invoked command in '/home/phet/formation_turtlebot/build/leader_bot' returned '0': CMAKE_PREFIX_PATH=${CMAKE_PREFIX_PATH}:/home/phet/formation_turtlebot/install/turtlebot3_teleop:/home/phet/formation_turtlebot/install/turtlebot3_example:/home/phet/install/examples_rclpy_minimal_action_server:/home/phet/install/examples_rclpy_minimal_action_client:/home/phet/install/examples_rclpy_guard_conditions:/home/phet/install/examples_rclpy_executors:/opt/ros/humble /usr/bin/cmake --build /home/phet/formation_turtlebot/build/leader_bot -- -j16 -l16
[0.851s] Invoking command in '/home/phet/formation_turtlebot/build/leader_bot': CMAKE_PREFIX_PATH=${CMAKE_PREFIX_PATH}:/home/phet/formation_turtlebot/install/turtlebot3_teleop:/home/phet/formation_turtlebot/install/turtlebot3_example:/home/phet/install/examples_rclpy_minimal_action_server:/home/phet/install/examples_rclpy_minimal_action_client:/home/phet/install/examples_rclpy_guard_conditions:/home/phet/install/examples_rclpy_executors:/opt/ros/humble /usr/bin/cmake --install /home/phet/formation_turtlebot/build/leader_bot
[0.859s] -- Install configuration: ""
[0.859s] -- Up-to-date: /home/phet/formation_turtlebot/install/leader_bot/share/leader_bot/environment/pythonpath.sh
[0.859s] -- Up-to-date: /home/phet/formation_turtlebot/install/leader_bot/share/leader_bot/environment/pythonpath.dsv
[0.859s] -- Up-to-date: /home/phet/formation_turtlebot/install/leader_bot/local/lib/python3.10/dist-packages/leader_bot-0.0.1-py3.10.egg-info
[0.859s] -- Installing: /home/phet/formation_turtlebot/install/leader_bot/local/lib/python3.10/dist-packages/leader_bot-0.0.1-py3.10.egg-info/dependency_links.txt
[0.859s] -- Installing: /home/phet/formation_turtlebot/install/leader_bot/local/lib/python3.10/dist-packages/leader_bot-0.0.1-py3.10.egg-info/SOURCES.txt
[0.860s] -- Installing: /home/phet/formation_turtlebot/install/leader_bot/local/lib/python3.10/dist-packages/leader_bot-0.0.1-py3.10.egg-info/top_level.txt
[0.860s] -- Installing: /home/phet/formation_turtlebot/install/leader_bot/local/lib/python3.10/dist-packages/leader_bot-0.0.1-py3.10.egg-info/PKG-INFO
[0.860s] -- Up-to-date: /home/phet/formation_turtlebot/install/leader_bot/local/lib/python3.10/dist-packages/leader_bot
[0.860s] -- Up-to-date: /home/phet/formation_turtlebot/install/leader_bot/local/lib/python3.10/dist-packages/leader_bot/__init__.py
[0.860s] -- Up-to-date: /home/phet/formation_turtlebot/install/leader_bot/local/lib/python3.10/dist-packages/leader_bot/dummy_module.py
[0.895s] Listing '/home/phet/formation_turtlebot/install/leader_bot/local/lib/python3.10/dist-packages/leader_bot'...
[0.899s] -- Up-to-date: /home/phet/formation_turtlebot/install/leader_bot/lib/leader_bot/real_image.py
[0.899s] -- Up-to-date: /home/phet/formation_turtlebot/install/leader_bot/lib/leader_bot/convert_real_image_to_fisheye.py
[0.899s] -- Up-to-date: /home/phet/formation_turtlebot/install/leader_bot/lib/leader_bot/convert_fisheye_to_image.py
[0.899s] -- Up-to-date: /home/phet/formation_turtlebot/install/leader_bot/lib/leader_bot/make_image_to_panorama.py
[0.899s] -- Up-to-date: /home/phet/formation_turtlebot/install/leader_bot/lib/leader_bot/make_image_to_panorama2.py
[0.899s] -- Up-to-date: /home/phet/formation_turtlebot/install/leader_bot/lib/leader_bot/tf_publisher.py
[0.899s] -- Up-to-date: /home/phet/formation_turtlebot/install/leader_bot/lib/leader_bot/cpp_node
[0.900s] -- Up-to-date: /home/phet/formation_turtlebot/install/leader_bot/share/leader_bot/models
[0.900s] -- Up-to-date: /home/phet/formation_turtlebot/install/leader_bot/share/leader_bot/models/turtlebot3_waffle
[0.900s] -- Up-to-date: /home/phet/formation_turtlebot/install/leader_bot/share/leader_bot/models/turtlebot3_waffle/model.sdf
[0.900s] -- Up-to-date: /home/phet/formation_turtlebot/install/leader_bot/share/leader_bot/models/turtlebot3_waffle/model.config
[0.900s] -- Up-to-date: /home/phet/formation_turtlebot/install/leader_bot/share/leader_bot/models/turtlebot3_waffle/model-1_4.sdf
[0.900s] -- Up-to-date: /home/phet/formation_turtlebot/install/leader_bot/share/leader_bot/models/turtlebot3_world
[0.900s] -- Up-to-date: /home/phet/formation_turtlebot/install/leader_bot/share/leader_bot/models/turtlebot3_world/model.sdf
[0.900s] -- Up-to-date: /home/phet/formation_turtlebot/install/leader_bot/share/leader_bot/models/turtlebot3_world/meshes
[0.900s] -- Up-to-date: /home/phet/formation_turtlebot/install/leader_bot/share/leader_bot/models/turtlebot3_world/meshes/hexagon.dae
[0.900s] -- Up-to-date: /home/phet/formation_turtlebot/install/leader_bot/share/leader_bot/models/turtlebot3_world/meshes/wall.dae
[0.900s] -- Up-to-date: /home/phet/formation_turtlebot/install/leader_bot/share/leader_bot/models/turtlebot3_world/model.config
[0.900s] -- Up-to-date: /home/phet/formation_turtlebot/install/leader_bot/share/leader_bot/models/turtlebot3_world/model-1_4.sdf
[0.900s] -- Up-to-date: /home/phet/formation_turtlebot/install/leader_bot/share/leader_bot/models/aruco_marker
[0.901s] -- Up-to-date: /home/phet/formation_turtlebot/install/leader_bot/share/leader_bot/models/aruco_marker/aruco_ID_1.png
[0.901s] -- Up-to-date: /home/phet/formation_turtlebot/install/leader_bot/share/leader_bot/models/aruco_marker/image.dae
[0.901s] -- Up-to-date: /home/phet/formation_turtlebot/install/leader_bot/share/leader_bot/models/aruco_marker/image.png
[0.901s] -- Up-to-date: /home/phet/formation_turtlebot/install/leader_bot/share/leader_bot/models/turtlebot3_waffle_pi
[0.901s] -- Up-to-date: /home/phet/formation_turtlebot/install/leader_bot/share/leader_bot/models/turtlebot3_waffle_pi/model-1_4_.sdf
[0.901s] -- Up-to-date: /home/phet/formation_turtlebot/install/leader_bot/share/leader_bot/models/turtlebot3_waffle_pi/model.sdf
[0.901s] -- Up-to-date: /home/phet/formation_turtlebot/install/leader_bot/share/leader_bot/models/turtlebot3_waffle_pi/model.config
[0.901s] -- Up-to-date: /home/phet/formation_turtlebot/install/leader_bot/share/leader_bot/models/turtlebot3_house
[0.901s] -- Up-to-date: /home/phet/formation_turtlebot/install/leader_bot/share/leader_bot/models/turtlebot3_house/model.sdf
[0.901s] -- Up-to-date: /home/phet/formation_turtlebot/install/leader_bot/share/leader_bot/models/turtlebot3_house/model.config
[0.901s] -- Up-to-date: /home/phet/formation_turtlebot/install/leader_bot/share/leader_bot/models/turtlebot3_common
[0.901s] -- Up-to-date: /home/phet/formation_turtlebot/install/leader_bot/share/leader_bot/models/turtlebot3_common/meshes
[0.901s] -- Up-to-date: /home/phet/formation_turtlebot/install/leader_bot/share/leader_bot/models/turtlebot3_common/meshes/waffle_pi_base.dae
[0.901s] -- Up-to-date: /home/phet/formation_turtlebot/install/leader_bot/share/leader_bot/models/turtlebot3_common/meshes/waffle_base.dae
[0.901s] -- Up-to-date: /home/phet/formation_turtlebot/install/leader_bot/share/leader_bot/models/turtlebot3_common/meshes/burger_base.dae
[0.901s] -- Up-to-date: /home/phet/formation_turtlebot/install/leader_bot/share/leader_bot/models/turtlebot3_common/meshes/wheels
[0.901s] -- Up-to-date: /home/phet/formation_turtlebot/install/leader_bot/share/leader_bot/models/turtlebot3_common/meshes/wheels/right_tire.stl
[0.901s] -- Up-to-date: /home/phet/formation_turtlebot/install/leader_bot/share/leader_bot/models/turtlebot3_common/meshes/wheels/left_tire.stl
[0.901s] -- Up-to-date: /home/phet/formation_turtlebot/install/leader_bot/share/leader_bot/models/turtlebot3_common/meshes/lds.dae
[0.901s] -- Up-to-date: /home/phet/formation_turtlebot/install/leader_bot/share/leader_bot/models/turtlebot3_common/meshes/r200.dae
[0.901s] -- Up-to-date: /home/phet/formation_turtlebot/install/leader_bot/share/leader_bot/models/turtlebot3_common/meshes/bases
[0.901s] -- Up-to-date: /home/phet/formation_turtlebot/install/leader_bot/share/leader_bot/models/turtlebot3_common/meshes/bases/waffle_pi_base.stl
[0.902s] -- Up-to-date: /home/phet/formation_turtlebot/install/leader_bot/share/leader_bot/models/turtlebot3_common/meshes/bases/burger_base.stl
[0.902s] -- Up-to-date: /home/phet/formation_turtlebot/install/leader_bot/share/leader_bot/models/turtlebot3_common/meshes/bases/waffle_base.stl
[0.902s] -- Up-to-date: /home/phet/formation_turtlebot/install/leader_bot/share/leader_bot/models/turtlebot3_common/meshes/sensors
[0.902s] -- Up-to-date: /home/phet/formation_turtlebot/install/leader_bot/share/leader_bot/models/turtlebot3_common/meshes/sensors/astra.jpg
[0.902s] -- Up-to-date: /home/phet/formation_turtlebot/install/leader_bot/share/leader_bot/models/turtlebot3_common/meshes/sensors/r200.jpg
[0.902s] -- Up-to-date: /home/phet/formation_turtlebot/install/leader_bot/share/leader_bot/models/turtlebot3_common/meshes/sensors/r200.dae
[0.902s] -- Up-to-date: /home/phet/formation_turtlebot/install/leader_bot/share/leader_bot/models/turtlebot3_common/meshes/sensors/lds.stl
[0.902s] -- Up-to-date: /home/phet/formation_turtlebot/install/leader_bot/share/leader_bot/models/turtlebot3_common/meshes/sensors/astra.dae
[0.902s] -- Up-to-date: /home/phet/formation_turtlebot/install/leader_bot/share/leader_bot/models/turtlebot3_common/meshes/tire.dae
[0.902s] -- Up-to-date: /home/phet/formation_turtlebot/install/leader_bot/share/leader_bot/models/turtlebot3_common/model.config
[0.902s] -- Up-to-date: /home/phet/formation_turtlebot/install/leader_bot/share/leader_bot/models/turtlebot3_dqn_world
[0.902s] -- Up-to-date: /home/phet/formation_turtlebot/install/leader_bot/share/leader_bot/models/turtlebot3_dqn_world/goal_box
[0.902s] -- Up-to-date: /home/phet/formation_turtlebot/install/leader_bot/share/leader_bot/models/turtlebot3_dqn_world/goal_box/model.sdf
[0.902s] -- Up-to-date: /home/phet/formation_turtlebot/install/leader_bot/share/leader_bot/models/turtlebot3_dqn_world/goal_box/model.config
[0.902s] -- Up-to-date: /home/phet/formation_turtlebot/install/leader_bot/share/leader_bot/models/turtlebot3_dqn_world/obstacle2
[0.902s] -- Up-to-date: /home/phet/formation_turtlebot/install/leader_bot/share/leader_bot/models/turtlebot3_dqn_world/obstacle2/model.sdf
[0.902s] -- Up-to-date: /home/phet/formation_turtlebot/install/leader_bot/share/leader_bot/models/turtlebot3_dqn_world/obstacle2/model.config
[0.902s] -- Up-to-date: /home/phet/formation_turtlebot/install/leader_bot/share/leader_bot/models/turtlebot3_dqn_world/obstacles
[0.902s] -- Up-to-date: /home/phet/formation_turtlebot/install/leader_bot/share/leader_bot/models/turtlebot3_dqn_world/obstacles/model.sdf
[0.902s] -- Up-to-date: /home/phet/formation_turtlebot/install/leader_bot/share/leader_bot/models/turtlebot3_dqn_world/obstacles/model.config
[0.902s] -- Up-to-date: /home/phet/formation_turtlebot/install/leader_bot/share/leader_bot/models/turtlebot3_dqn_world/model.sdf
[0.903s] -- Up-to-date: /home/phet/formation_turtlebot/install/leader_bot/share/leader_bot/models/turtlebot3_dqn_world/inner_walls
[0.903s] -- Up-to-date: /home/phet/formation_turtlebot/install/leader_bot/share/leader_bot/models/turtlebot3_dqn_world/inner_walls/model.sdf
[0.903s] -- Up-to-date: /home/phet/formation_turtlebot/install/leader_bot/share/leader_bot/models/turtlebot3_dqn_world/inner_walls/model.config
[0.903s] -- Up-to-date: /home/phet/formation_turtlebot/install/leader_bot/share/leader_bot/models/turtlebot3_dqn_world/model.config
[0.903s] -- Up-to-date: /home/phet/formation_turtlebot/install/leader_bot/share/leader_bot/models/turtlebot3_dqn_world/obstacle1
[0.903s] -- Up-to-date: /home/phet/formation_turtlebot/install/leader_bot/share/leader_bot/models/turtlebot3_dqn_world/obstacle1/model.sdf
[0.903s] -- Up-to-date: /home/phet/formation_turtlebot/install/leader_bot/share/leader_bot/models/turtlebot3_dqn_world/obstacle1/model.config
[0.903s] -- Up-to-date: /home/phet/formation_turtlebot/install/leader_bot/share/leader_bot/models/turtlebot3_autorace_2020
[0.903s] -- Up-to-date: /home/phet/formation_turtlebot/install/leader_bot/share/leader_bot/models/turtlebot3_autorace_2020/traffic_left
[0.903s] -- Up-to-date: /home/phet/formation_turtlebot/install/leader_bot/share/leader_bot/models/turtlebot3_autorace_2020/traffic_left/model.sdf
[0.903s] -- Up-to-date: /home/phet/formation_turtlebot/install/leader_bot/share/leader_bot/models/turtlebot3_autorace_2020/traffic_left/model.config
[0.903s] -- Up-to-date: /home/phet/formation_turtlebot/install/leader_bot/share/leader_bot/models/turtlebot3_autorace_2020/traffic_left/materials
[0.903s] -- Up-to-date: /home/phet/formation_turtlebot/install/leader_bot/share/leader_bot/models/turtlebot3_autorace_2020/traffic_left/materials/textures
[0.903s] -- Up-to-date: /home/phet/formation_turtlebot/install/leader_bot/share/leader_bot/models/turtlebot3_autorace_2020/traffic_left/materials/textures/traffic_left.png
[0.903s] -- Up-to-date: /home/phet/formation_turtlebot/install/leader_bot/share/leader_bot/models/turtlebot3_autorace_2020/traffic_left/materials/scripts
[0.903s] -- Up-to-date: /home/phet/formation_turtlebot/install/leader_bot/share/leader_bot/models/turtlebot3_autorace_2020/traffic_left/materials/scripts/traffic_is_left.material
[0.903s] -- Up-to-date: /home/phet/formation_turtlebot/install/leader_bot/share/leader_bot/models/turtlebot3_autorace_2020/traffic_pl_left
[0.903s] -- Up-to-date: /home/phet/formation_turtlebot/install/leader_bot/share/leader_bot/models/turtlebot3_autorace_2020/traffic_pl_left/model.sdf
[0.903s] -- Up-to-date: /home/phet/formation_turtlebot/install/leader_bot/share/leader_bot/models/turtlebot3_autorace_2020/traffic_pl_left/model.config
[0.903s] -- Up-to-date: /home/phet/formation_turtlebot/install/leader_bot/share/leader_bot/models/turtlebot3_autorace_2020/traffic_pl_left/materials
[0.903s] -- Up-to-date: /home/phet/formation_turtlebot/install/leader_bot/share/leader_bot/models/turtlebot3_autorace_2020/traffic_pl_left/materials/textures
[0.904s] -- Up-to-date: /home/phet/formation_turtlebot/install/leader_bot/share/leader_bot/models/turtlebot3_autorace_2020/traffic_pl_left/materials/textures/traffic_pl_left.png
[0.904s] -- Up-to-date: /home/phet/formation_turtlebot/install/leader_bot/share/leader_bot/models/turtlebot3_autorace_2020/traffic_pl_left/materials/scripts
[0.904s] -- Up-to-date: /home/phet/formation_turtlebot/install/leader_bot/share/leader_bot/models/turtlebot3_autorace_2020/traffic_pl_left/materials/scripts/traffic_pl_left.material
[0.904s] -- Up-to-date: /home/phet/formation_turtlebot/install/leader_bot/share/leader_bot/models/turtlebot3_autorace_2020/traffic_light
[0.904s] -- Up-to-date: /home/phet/formation_turtlebot/install/leader_bot/share/leader_bot/models/turtlebot3_autorace_2020/traffic_light/model.sdf
[0.904s] -- Up-to-date: /home/phet/formation_turtlebot/install/leader_bot/share/leader_bot/models/turtlebot3_autorace_2020/traffic_light/model.config
[0.904s] -- Up-to-date: /home/phet/formation_turtlebot/install/leader_bot/share/leader_bot/models/turtlebot3_autorace_2020/traffic_light/materials
[0.904s] -- Up-to-date: /home/phet/formation_turtlebot/install/leader_bot/share/leader_bot/models/turtlebot3_autorace_2020/traffic_light/materials/textures
[0.904s] -- Up-to-date: /home/phet/formation_turtlebot/install/leader_bot/share/leader_bot/models/turtlebot3_autorace_2020/traffic_light/materials/textures/traffic_light_green.png
[0.904s] -- Up-to-date: /home/phet/formation_turtlebot/install/leader_bot/share/leader_bot/models/turtlebot3_autorace_2020/traffic_light/materials/textures/traffic_light.png
[0.904s] -- Up-to-date: /home/phet/formation_turtlebot/install/leader_bot/share/leader_bot/models/turtlebot3_autorace_2020/traffic_light/materials/textures/traffic_light_red.png
[0.904s] -- Up-to-date: /home/phet/formation_turtlebot/install/leader_bot/share/leader_bot/models/turtlebot3_autorace_2020/traffic_light/materials/textures/traffic_light_yellow.png
[0.904s] -- Up-to-date: /home/phet/formation_turtlebot/install/leader_bot/share/leader_bot/models/turtlebot3_autorace_2020/traffic_light/materials/scripts
[0.904s] -- Up-to-date: /home/phet/formation_turtlebot/install/leader_bot/share/leader_bot/models/turtlebot3_autorace_2020/traffic_light/materials/scripts/traffic_light.material
[0.904s] -- Up-to-date: /home/phet/formation_turtlebot/install/leader_bot/share/leader_bot/models/turtlebot3_autorace_2020/traffic_tunnel
[0.904s] -- Up-to-date: /home/phet/formation_turtlebot/install/leader_bot/share/leader_bot/models/turtlebot3_autorace_2020/traffic_tunnel/model.sdf
[0.904s] -- Up-to-date: /home/phet/formation_turtlebot/install/leader_bot/share/leader_bot/models/turtlebot3_autorace_2020/traffic_tunnel/model.config
[0.904s] -- Up-to-date: /home/phet/formation_turtlebot/install/leader_bot/share/leader_bot/models/turtlebot3_autorace_2020/traffic_tunnel/materials
[0.904s] -- Up-to-date: /home/phet/formation_turtlebot/install/leader_bot/share/leader_bot/models/turtlebot3_autorace_2020/traffic_tunnel/materials/textures
[0.905s] -- Up-to-date: /home/phet/formation_turtlebot/install/leader_bot/share/leader_bot/models/turtlebot3_autorace_2020/traffic_tunnel/materials/textures/tunnel.png
[0.905s] -- Up-to-date: /home/phet/formation_turtlebot/install/leader_bot/share/leader_bot/models/turtlebot3_autorace_2020/traffic_tunnel/materials/scripts
[0.905s] -- Up-to-date: /home/phet/formation_turtlebot/install/leader_bot/share/leader_bot/models/turtlebot3_autorace_2020/traffic_tunnel/materials/scripts/tunnel.material
[0.905s] -- Up-to-date: /home/phet/formation_turtlebot/install/leader_bot/share/leader_bot/models/turtlebot3_autorace_2020/traffic_bar
[0.905s] -- Up-to-date: /home/phet/formation_turtlebot/install/leader_bot/share/leader_bot/models/turtlebot3_autorace_2020/traffic_bar/model.sdf
[0.905s] -- Up-to-date: /home/phet/formation_turtlebot/install/leader_bot/share/leader_bot/models/turtlebot3_autorace_2020/traffic_bar/model.config
[0.905s] -- Up-to-date: /home/phet/formation_turtlebot/install/leader_bot/share/leader_bot/models/turtlebot3_autorace_2020/traffic_bar/materials
[0.905s] -- Up-to-date: /home/phet/formation_turtlebot/install/leader_bot/share/leader_bot/models/turtlebot3_autorace_2020/traffic_bar/materials/textures
[0.905s] -- Up-to-date: /home/phet/formation_turtlebot/install/leader_bot/share/leader_bot/models/turtlebot3_autorace_2020/traffic_bar/materials/textures/traffic_bar.png
[0.905s] -- Up-to-date: /home/phet/formation_turtlebot/install/leader_bot/share/leader_bot/models/turtlebot3_autorace_2020/traffic_bar/materials/scripts
[0.905s] -- Up-to-date: /home/phet/formation_turtlebot/install/leader_bot/share/leader_bot/models/turtlebot3_autorace_2020/traffic_bar/materials/scripts/traffic_bar.material
[0.905s] -- Up-to-date: /home/phet/formation_turtlebot/install/leader_bot/share/leader_bot/models/turtlebot3_autorace_2020/traffic_stop
[0.905s] -- Up-to-date: /home/phet/formation_turtlebot/install/leader_bot/share/leader_bot/models/turtlebot3_autorace_2020/traffic_stop/model.sdf
[0.905s] -- Up-to-date: /home/phet/formation_turtlebot/install/leader_bot/share/leader_bot/models/turtlebot3_autorace_2020/traffic_stop/model.config
[0.905s] -- Up-to-date: /home/phet/formation_turtlebot/install/leader_bot/share/leader_bot/models/turtlebot3_autorace_2020/traffic_stop/materials
[0.905s] -- Up-to-date: /home/phet/formation_turtlebot/install/leader_bot/share/leader_bot/models/turtlebot3_autorace_2020/traffic_stop/materials/textures
[0.905s] -- Up-to-date: /home/phet/formation_turtlebot/install/leader_bot/share/leader_bot/models/turtlebot3_autorace_2020/traffic_stop/materials/textures/traffic_stop.png
[0.906s] -- Up-to-date: /home/phet/formation_turtlebot/install/leader_bot/share/leader_bot/models/turtlebot3_autorace_2020/traffic_stop/materials/scripts
[0.906s] -- Up-to-date: /home/phet/formation_turtlebot/install/leader_bot/share/leader_bot/models/turtlebot3_autorace_2020/traffic_stop/materials/scripts/traffic_stop.material
[0.906s] -- Up-to-date: /home/phet/formation_turtlebot/install/leader_bot/share/leader_bot/models/turtlebot3_autorace_2020/traffic_intersection
[0.906s] -- Up-to-date: /home/phet/formation_turtlebot/install/leader_bot/share/leader_bot/models/turtlebot3_autorace_2020/traffic_intersection/model.sdf
[0.906s] -- Up-to-date: /home/phet/formation_turtlebot/install/leader_bot/share/leader_bot/models/turtlebot3_autorace_2020/traffic_intersection/model.config
[0.906s] -- Up-to-date: /home/phet/formation_turtlebot/install/leader_bot/share/leader_bot/models/turtlebot3_autorace_2020/traffic_intersection/materials
[0.906s] -- Up-to-date: /home/phet/formation_turtlebot/install/leader_bot/share/leader_bot/models/turtlebot3_autorace_2020/traffic_intersection/materials/textures
[0.906s] -- Up-to-date: /home/phet/formation_turtlebot/install/leader_bot/share/leader_bot/models/turtlebot3_autorace_2020/traffic_intersection/materials/textures/traffic_intersection.png
[0.906s] -- Up-to-date: /home/phet/formation_turtlebot/install/leader_bot/share/leader_bot/models/turtlebot3_autorace_2020/traffic_intersection/materials/scripts
[0.906s] -- Up-to-date: /home/phet/formation_turtlebot/install/leader_bot/share/leader_bot/models/turtlebot3_autorace_2020/traffic_intersection/materials/scripts/traffic_intersection.material
[0.906s] -- Up-to-date: /home/phet/formation_turtlebot/install/leader_bot/share/leader_bot/models/turtlebot3_autorace_2020/traffic_noentry
[0.906s] -- Up-to-date: /home/phet/formation_turtlebot/install/leader_bot/share/leader_bot/models/turtlebot3_autorace_2020/traffic_noentry/model.sdf
[0.906s] -- Up-to-date: /home/phet/formation_turtlebot/install/leader_bot/share/leader_bot/models/turtlebot3_autorace_2020/traffic_noentry/model.config
[0.906s] -- Up-to-date: /home/phet/formation_turtlebot/install/leader_bot/share/leader_bot/models/turtlebot3_autorace_2020/traffic_noentry/materials
[0.906s] -- Up-to-date: /home/phet/formation_turtlebot/install/leader_bot/share/leader_bot/models/turtlebot3_autorace_2020/traffic_noentry/materials/textures
[0.906s] -- Up-to-date: /home/phet/formation_turtlebot/install/leader_bot/share/leader_bot/models/turtlebot3_autorace_2020/traffic_noentry/materials/textures/traffic_noentry.png
[0.906s] -- Up-to-date: /home/phet/formation_turtlebot/install/leader_bot/share/leader_bot/models/turtlebot3_autorace_2020/traffic_noentry/materials/scripts
[0.906s] -- Up-to-date: /home/phet/formation_turtlebot/install/leader_bot/share/leader_bot/models/turtlebot3_autorace_2020/traffic_noentry/materials/scripts/traffic_noentry.material
[0.906s] -- Up-to-date: /home/phet/formation_turtlebot/install/leader_bot/share/leader_bot/models/turtlebot3_autorace_2020/traffic_construction
[0.906s] -- Up-to-date: /home/phet/formation_turtlebot/install/leader_bot/share/leader_bot/models/turtlebot3_autorace_2020/traffic_construction/model.sdf
[0.907s] -- Up-to-date: /home/phet/formation_turtlebot/install/leader_bot/share/leader_bot/models/turtlebot3_autorace_2020/traffic_construction/model.config
[0.907s] -- Up-to-date: /home/phet/formation_turtlebot/install/leader_bot/share/leader_bot/models/turtlebot3_autorace_2020/traffic_construction/materials
[0.907s] -- Up-to-date: /home/phet/formation_turtlebot/install/leader_bot/share/leader_bot/models/turtlebot3_autorace_2020/traffic_construction/materials/textures
[0.907s] -- Up-to-date: /home/phet/formation_turtlebot/install/leader_bot/share/leader_bot/models/turtlebot3_autorace_2020/traffic_construction/materials/textures/traffic_construction.png
[0.907s] -- Up-to-date: /home/phet/formation_turtlebot/install/leader_bot/share/leader_bot/models/turtlebot3_autorace_2020/traffic_construction/materials/scripts
[0.907s] -- Up-to-date: /home/phet/formation_turtlebot/install/leader_bot/share/leader_bot/models/turtlebot3_autorace_2020/traffic_construction/materials/scripts/traffic_construction.material
[0.907s] -- Up-to-date: /home/phet/formation_turtlebot/install/leader_bot/share/leader_bot/models/turtlebot3_autorace_2020/course
[0.907s] -- Up-to-date: /home/phet/formation_turtlebot/install/leader_bot/share/leader_bot/models/turtlebot3_autorace_2020/course/model.sdf
[0.907s] -- Up-to-date: /home/phet/formation_turtlebot/install/leader_bot/share/leader_bot/models/turtlebot3_autorace_2020/course/model.config
[0.907s] -- Up-to-date: /home/phet/formation_turtlebot/install/leader_bot/share/leader_bot/models/turtlebot3_autorace_2020/course/materials
[0.907s] -- Up-to-date: /home/phet/formation_turtlebot/install/leader_bot/share/leader_bot/models/turtlebot3_autorace_2020/course/materials/textures
[0.907s] -- Up-to-date: /home/phet/formation_turtlebot/install/leader_bot/share/leader_bot/models/turtlebot3_autorace_2020/course/materials/textures/course.png
[0.907s] -- Up-to-date: /home/phet/formation_turtlebot/install/leader_bot/share/leader_bot/models/turtlebot3_autorace_2020/course/materials/scripts
[0.907s] -- Up-to-date: /home/phet/formation_turtlebot/install/leader_bot/share/leader_bot/models/turtlebot3_autorace_2020/course/materials/scripts/course.material
[0.907s] -- Up-to-date: /home/phet/formation_turtlebot/install/leader_bot/share/leader_bot/models/turtlebot3_autorace_2020/traffic_right
[0.907s] -- Up-to-date: /home/phet/formation_turtlebot/install/leader_bot/share/leader_bot/models/turtlebot3_autorace_2020/traffic_right/model.sdf
[0.907s] -- Up-to-date: /home/phet/formation_turtlebot/install/leader_bot/share/leader_bot/models/turtlebot3_autorace_2020/traffic_right/model.config
[0.907s] -- Up-to-date: /home/phet/formation_turtlebot/install/leader_bot/share/leader_bot/models/turtlebot3_autorace_2020/traffic_right/materials
[0.907s] -- Up-to-date: /home/phet/formation_turtlebot/install/leader_bot/share/leader_bot/models/turtlebot3_autorace_2020/traffic_right/materials/textures
[0.907s] -- Up-to-date: /home/phet/formation_turtlebot/install/leader_bot/share/leader_bot/models/turtlebot3_autorace_2020/traffic_right/materials/textures/traffic_right.png
[0.907s] -- Up-to-date: /home/phet/formation_turtlebot/install/leader_bot/share/leader_bot/models/turtlebot3_autorace_2020/traffic_right/materials/scripts
[0.907s] -- Up-to-date: /home/phet/formation_turtlebot/install/leader_bot/share/leader_bot/models/turtlebot3_autorace_2020/traffic_right/materials/scripts/traffic_right.material
[0.907s] -- Up-to-date: /home/phet/formation_turtlebot/install/leader_bot/share/leader_bot/models/turtlebot3_autorace_2020/checker
[0.907s] -- Up-to-date: /home/phet/formation_turtlebot/install/leader_bot/share/leader_bot/models/turtlebot3_autorace_2020/checker/model.sdf
[0.908s] -- Up-to-date: /home/phet/formation_turtlebot/install/leader_bot/share/leader_bot/models/turtlebot3_autorace_2020/checker/model.config
[0.908s] -- Up-to-date: /home/phet/formation_turtlebot/install/leader_bot/share/leader_bot/models/turtlebot3_autorace_2020/checker/materials
[0.908s] -- Up-to-date: /home/phet/formation_turtlebot/install/leader_bot/share/leader_bot/models/turtlebot3_autorace_2020/checker/materials/textures
[0.908s] -- Up-to-date: /home/phet/formation_turtlebot/install/leader_bot/share/leader_bot/models/turtlebot3_autorace_2020/checker/materials/textures/checker.png
[0.908s] -- Up-to-date: /home/phet/formation_turtlebot/install/leader_bot/share/leader_bot/models/turtlebot3_autorace_2020/checker/materials/checker.png
[0.908s] -- Up-to-date: /home/phet/formation_turtlebot/install/leader_bot/share/leader_bot/models/turtlebot3_autorace_2020/checker/materials/scripts
[0.908s] -- Up-to-date: /home/phet/formation_turtlebot/install/leader_bot/share/leader_bot/models/turtlebot3_autorace_2020/checker/materials/scripts/checker.material
[0.908s] -- Up-to-date: /home/phet/formation_turtlebot/install/leader_bot/share/leader_bot/models/turtlebot3_autorace_2020/traffic_parking
[0.908s] -- Up-to-date: /home/phet/formation_turtlebot/install/leader_bot/share/leader_bot/models/turtlebot3_autorace_2020/traffic_parking/model.sdf
[0.908s] -- Up-to-date: /home/phet/formation_turtlebot/install/leader_bot/share/leader_bot/models/turtlebot3_autorace_2020/traffic_parking/model.config
[0.908s] -- Up-to-date: /home/phet/formation_turtlebot/install/leader_bot/share/leader_bot/models/turtlebot3_autorace_2020/traffic_parking/materials
[0.908s] -- Up-to-date: /home/phet/formation_turtlebot/install/leader_bot/share/leader_bot/models/turtlebot3_autorace_2020/traffic_parking/materials/textures
[0.908s] -- Up-to-date: /home/phet/formation_turtlebot/install/leader_bot/share/leader_bot/models/turtlebot3_autorace_2020/traffic_parking/materials/textures/traffic_parking.png
[0.908s] -- Up-to-date: /home/phet/formation_turtlebot/install/leader_bot/share/leader_bot/models/turtlebot3_autorace_2020/traffic_parking/materials/scripts
[0.908s] -- Up-to-date: /home/phet/formation_turtlebot/install/leader_bot/share/leader_bot/models/turtlebot3_autorace_2020/traffic_parking/materials/scripts/traffic_parking.material
[0.908s] -- Up-to-date: /home/phet/formation_turtlebot/install/leader_bot/share/leader_bot/models/turtlebot3_burger
[0.908s] -- Up-to-date: /home/phet/formation_turtlebot/install/leader_bot/share/leader_bot/models/turtlebot3_burger/model.sdf
[0.908s] -- Up-to-date: /home/phet/formation_turtlebot/install/leader_bot/share/leader_bot/models/turtlebot3_burger/model.config
[0.908s] -- Up-to-date: /home/phet/formation_turtlebot/install/leader_bot/share/leader_bot/models/turtlebot3_burger/model-1_4.sdf
[0.908s] -- Up-to-date: /home/phet/formation_turtlebot/install/leader_bot/share/leader_bot/models/turtlebot3_burger_cam
[0.908s] -- Up-to-date: /home/phet/formation_turtlebot/install/leader_bot/share/leader_bot/models/turtlebot3_burger_cam/model.sdf
[0.909s] -- Up-to-date: /home/phet/formation_turtlebot/install/leader_bot/share/leader_bot/models/turtlebot3_burger_cam/model.config
[0.909s] -- Up-to-date: /home/phet/formation_turtlebot/install/leader_bot/share/leader_bot/models/turtlebot3_burger_cam/model-1_4.sdf
[0.909s] -- Up-to-date: /home/phet/formation_turtlebot/install/leader_bot/share/leader_bot/meshes
[0.909s] -- Up-to-date: /home/phet/formation_turtlebot/install/leader_bot/share/leader_bot/meshes/wheels
[0.909s] -- Up-to-date: /home/phet/formation_turtlebot/install/leader_bot/share/leader_bot/meshes/wheels/right_tire.stl
[0.909s] -- Up-to-date: /home/phet/formation_turtlebot/install/leader_bot/share/leader_bot/meshes/wheels/left_tire.stl
[0.909s] -- Up-to-date: /home/phet/formation_turtlebot/install/leader_bot/share/leader_bot/meshes/bases
[0.909s] -- Up-to-date: /home/phet/formation_turtlebot/install/leader_bot/share/leader_bot/meshes/bases/waffle_pi_base.stl
[0.909s] -- Up-to-date: /home/phet/formation_turtlebot/install/leader_bot/share/leader_bot/meshes/bases/burger_base.stl
[0.910s] -- Up-to-date: /home/phet/formation_turtlebot/install/leader_bot/share/leader_bot/meshes/bases/waffle_base.stl
[0.910s] -- Up-to-date: /home/phet/formation_turtlebot/install/leader_bot/share/leader_bot/meshes/sensors
[0.910s] -- Up-to-date: /home/phet/formation_turtlebot/install/leader_bot/share/leader_bot/meshes/sensors/astra.jpg
[0.910s] -- Up-to-date: /home/phet/formation_turtlebot/install/leader_bot/share/leader_bot/meshes/sensors/r200.jpg
[0.910s] -- Up-to-date: /home/phet/formation_turtlebot/install/leader_bot/share/leader_bot/meshes/sensors/r200.dae
[0.911s] -- Up-to-date: /home/phet/formation_turtlebot/install/leader_bot/share/leader_bot/meshes/sensors/lds.stl
[0.911s] -- Up-to-date: /home/phet/formation_turtlebot/install/leader_bot/share/leader_bot/meshes/sensors/astra.dae
[0.911s] -- Up-to-date: /home/phet/formation_turtlebot/install/leader_bot/share/leader_bot/worlds
[0.911s] -- Up-to-date: /home/phet/formation_turtlebot/install/leader_bot/share/leader_bot/worlds/turtlebot3_dqn_stage3.world
[0.911s] -- Up-to-date: /home/phet/formation_turtlebot/install/leader_bot/share/leader_bot/worlds/turtlebot3_house.world
[0.911s] -- Up-to-date: /home/phet/formation_turtlebot/install/leader_bot/share/leader_bot/worlds/empty_world.world
[0.911s] -- Up-to-date: /home/phet/formation_turtlebot/install/leader_bot/share/leader_bot/worlds/turtlebot3_dqn_stage2.world
[0.911s] -- Up-to-date: /home/phet/formation_turtlebot/install/leader_bot/share/leader_bot/worlds/turtlebot3_world.world
[0.911s] -- Up-to-date: /home/phet/formation_turtlebot/install/leader_bot/share/leader_bot/worlds/turtlebot3_dqn_stage4.world
[0.911s] -- Up-to-date: /home/phet/formation_turtlebot/install/leader_bot/share/leader_bot/worlds/turtlebot3_dqn_stage1.world
[0.911s] -- Up-to-date: /home/phet/formation_turtlebot/install/leader_bot/share/leader_bot/worlds/turtlebot3_autorace_2020.world
[0.911s] -- Up-to-date: /home/phet/formation_turtlebot/install/leader_bot/share/leader_bot/launch
[0.911s] -- Up-to-date: /home/phet/formation_turtlebot/install/leader_bot/share/leader_bot/launch/turtlebot3_dqn_stage1.launch.py
[0.911s] -- Up-to-date: /home/phet/formation_turtlebot/install/leader_bot/share/leader_bot/launch/turtlebot3_autorace_2020.launch.py
[0.911s] -- Up-to-date: /home/phet/formation_turtlebot/install/leader_bot/share/leader_bot/launch/robot_state_publisher.launch.py
[0.911s] -- Up-to-date: /home/phet/formation_turtlebot/install/leader_bot/share/leader_bot/launch/turtlebot3_world.launch.py
[0.912s] -- Up-to-date: /home/phet/formation_turtlebot/install/leader_bot/share/leader_bot/launch/turtlebot3_dqn_stage4.launch.py
[0.912s] -- Up-to-date: /home/phet/formation_turtlebot/install/leader_bot/share/leader_bot/launch/multi_spawn_turtlebot3.launch.py
[0.912s] -- Up-to-date: /home/phet/formation_turtlebot/install/leader_bot/share/leader_bot/launch/spawn_turtlebot3.launch.py
[0.912s] -- Up-to-date: /home/phet/formation_turtlebot/install/leader_bot/share/leader_bot/launch/empty_world.launch.py
[0.912s] -- Up-to-date: /home/phet/formation_turtlebot/install/leader_bot/share/leader_bot/launch/multi_robot.launch.py
[0.912s] -- Up-to-date: /home/phet/formation_turtlebot/install/leader_bot/share/leader_bot/launch/turtlebot3_house.launch.py
[0.912s] -- Up-to-date: /home/phet/formation_turtlebot/install/leader_bot/share/leader_bot/launch/turtlebot3_dqn_stage3.launch.py
[0.912s] -- Up-to-date: /home/phet/formation_turtlebot/install/leader_bot/share/leader_bot/launch/turtlebot3_dqn_stage2.launch.py
[0.912s] -- Up-to-date: /home/phet/formation_turtlebot/install/leader_bot/share/leader_bot/scripts
[0.912s] -- Up-to-date: /home/phet/formation_turtlebot/install/leader_bot/share/leader_bot/scripts/convert_real_image_to_fisheye.py
[0.912s] -- Up-to-date: /home/phet/formation_turtlebot/install/leader_bot/share/leader_bot/scripts/tf_publisher.py
[0.912s] -- Up-to-date: /home/phet/formation_turtlebot/install/leader_bot/share/leader_bot/scripts/make_image_to_panorama.py
[0.912s] -- Up-to-date: /home/phet/formation_turtlebot/install/leader_bot/share/leader_bot/scripts/convert_fisheye_to_image.py
[0.912s] -- Up-to-date: /home/phet/formation_turtlebot/install/leader_bot/share/leader_bot/scripts/make_image_to_panorama2.py
[0.912s] -- Up-to-date: /home/phet/formation_turtlebot/install/leader_bot/share/leader_bot/scripts/real_image.py
[0.913s] -- Up-to-date: /home/phet/formation_turtlebot/install/leader_bot/share/leader_bot/urdf
[0.913s] -- Installing: /home/phet/formation_turtlebot/install/leader_bot/share/leader_bot/urdf/turtlebot3_burger_cam.urdf
[0.913s] -- Up-to-date: /home/phet/formation_turtlebot/install/leader_bot/share/leader_bot/urdf/turtlebot3_waffle_pi.urdf
[0.913s] -- Up-to-date: /home/phet/formation_turtlebot/install/leader_bot/share/leader_bot/urdf/common_properties.urdf
[0.913s] -- Up-to-date: /home/phet/formation_turtlebot/install/leader_bot/share/leader_bot/urdf/turtlebot3_burger.urdf
[0.913s] -- Up-to-date: /home/phet/formation_turtlebot/install/leader_bot/share/leader_bot/urdf/turtlebot3_waffle.urdf
[0.913s] -- Up-to-date: /home/phet/formation_turtlebot/install/leader_bot/share/leader_bot/rviz
[0.913s] -- Up-to-date: /home/phet/formation_turtlebot/install/leader_bot/share/leader_bot/rviz/tb3_gazebo.rviz
[0.913s] -- Up-to-date: /home/phet/formation_turtlebot/install/leader_bot/share/ament_index/resource_index/package_run_dependencies/leader_bot
[0.913s] -- Up-to-date: /home/phet/formation_turtlebot/install/leader_bot/share/ament_index/resource_index/parent_prefix_path/leader_bot
[0.913s] -- Up-to-date: /home/phet/formation_turtlebot/install/leader_bot/share/leader_bot/environment/ament_prefix_path.sh
[0.913s] -- Up-to-date: /home/phet/formation_turtlebot/install/leader_bot/share/leader_bot/environment/ament_prefix_path.dsv
[0.914s] -- Up-to-date: /home/phet/formation_turtlebot/install/leader_bot/share/leader_bot/environment/path.sh
[0.914s] -- Up-to-date: /home/phet/formation_turtlebot/install/leader_bot/share/leader_bot/environment/path.dsv
[0.914s] -- Up-to-date: /home/phet/formation_turtlebot/install/leader_bot/share/leader_bot/local_setup.bash
[0.914s] -- Up-to-date: /home/phet/formation_turtlebot/install/leader_bot/share/leader_bot/local_setup.sh
[0.914s] -- Up-to-date: /home/phet/formation_turtlebot/install/leader_bot/share/leader_bot/local_setup.zsh
[0.914s] -- Up-to-date: /home/phet/formation_turtlebot/install/leader_bot/share/leader_bot/local_setup.dsv
[0.914s] -- Installing: /home/phet/formation_turtlebot/install/leader_bot/share/leader_bot/package.dsv
[0.914s] -- Up-to-date: /home/phet/formation_turtlebot/install/leader_bot/share/ament_index/resource_index/packages/leader_bot
[0.914s] -- Up-to-date: /home/phet/formation_turtlebot/install/leader_bot/share/leader_bot/cmake/leader_botConfig.cmake
[0.914s] -- Up-to-date: /home/phet/formation_turtlebot/install/leader_bot/share/leader_bot/cmake/leader_botConfig-version.cmake
[0.914s] -- Up-to-date: /home/phet/formation_turtlebot/install/leader_bot/share/leader_bot/package.xml
[0.914s] Invoked command in '/home/phet/formation_turtlebot/build/leader_bot' returned '0': CMAKE_PREFIX_PATH=${CMAKE_PREFIX_PATH}:/home/phet/formation_turtlebot/install/turtlebot3_teleop:/home/phet/formation_turtlebot/install/turtlebot3_example:/home/phet/install/examples_rclpy_minimal_action_server:/home/phet/install/examples_rclpy_minimal_action_client:/home/phet/install/examples_rclpy_guard_conditions:/home/phet/install/examples_rclpy_executors:/opt/ros/humble /usr/bin/cmake --install /home/phet/formation_turtlebot/build/leader_bot
