[0.277s] Invoking command in '/home/phet/formation_turtlebot/build/turtlebot3_navigation2': CMAKE_PREFIX_PATH=${CMAKE_PREFIX_PATH}:/home/phet/formation_turtlebot/install/turtlebot3_teleop:/home/phet/formation_turtlebot/install/turtlebot3_example:/home/phet/install/examples_rclpy_minimal_action_server:/home/phet/install/examples_rclpy_minimal_action_client:/home/phet/install/examples_rclpy_guard_conditions:/home/phet/install/examples_rclpy_executors:/opt/ros/humble /usr/bin/cmake --build /home/phet/formation_turtlebot/build/turtlebot3_navigation2 -- -j16 -l16
[0.533s] Invoked command in '/home/phet/formation_turtlebot/build/turtlebot3_navigation2' returned '0': CMAKE_PREFIX_PATH=${CMAKE_PREFIX_PATH}:/home/phet/formation_turtlebot/install/turtlebot3_teleop:/home/phet/formation_turtlebot/install/turtlebot3_example:/home/phet/install/examples_rclpy_minimal_action_server:/home/phet/install/examples_rclpy_minimal_action_client:/home/phet/install/examples_rclpy_guard_conditions:/home/phet/install/examples_rclpy_executors:/opt/ros/humble /usr/bin/cmake --build /home/phet/formation_turtlebot/build/turtlebot3_navigation2 -- -j16 -l16
[0.534s] Invoking command in '/home/phet/formation_turtlebot/build/turtlebot3_navigation2': CMAKE_PREFIX_PATH=${CMAKE_PREFIX_PATH}:/home/phet/formation_turtlebot/install/turtlebot3_teleop:/home/phet/formation_turtlebot/install/turtlebot3_example:/home/phet/install/examples_rclpy_minimal_action_server:/home/phet/install/examples_rclpy_minimal_action_client:/home/phet/install/examples_rclpy_guard_conditions:/home/phet/install/examples_rclpy_executors:/opt/ros/humble /usr/bin/cmake --install /home/phet/formation_turtlebot/build/turtlebot3_navigation2
[0.549s] -- Install configuration: ""
[0.549s] -- Up-to-date: /home/phet/formation_turtlebot/install/turtlebot3_navigation2/share/turtlebot3_navigation2/launch
[0.549s] -- Up-to-date: /home/phet/formation_turtlebot/install/turtlebot3_navigation2/share/turtlebot3_navigation2/launch/navigation2.launch.py
[0.549s] -- Up-to-date: /home/phet/formation_turtlebot/install/turtlebot3_navigation2/share/turtlebot3_navigation2/map
[0.549s] -- Up-to-date: /home/phet/formation_turtlebot/install/turtlebot3_navigation2/share/turtlebot3_navigation2/map/map.yaml
[0.549s] -- Up-to-date: /home/phet/formation_turtlebot/install/turtlebot3_navigation2/share/turtlebot3_navigation2/map/map.pgm
[0.549s] -- Up-to-date: /home/phet/formation_turtlebot/install/turtlebot3_navigation2/share/turtlebot3_navigation2/param
[0.549s] -- Up-to-date: /home/phet/formation_turtlebot/install/turtlebot3_navigation2/share/turtlebot3_navigation2/param/waffle_pi.yaml
[0.549s] -- Up-to-date: /home/phet/formation_turtlebot/install/turtlebot3_navigation2/share/turtlebot3_navigation2/param/waffle.yaml
[0.550s] -- Up-to-date: /home/phet/formation_turtlebot/install/turtlebot3_navigation2/share/turtlebot3_navigation2/param/burger_cam.yaml
[0.550s] -- Up-to-date: /home/phet/formation_turtlebot/install/turtlebot3_navigation2/share/turtlebot3_navigation2/param/burger.yaml
[0.550s] -- Up-to-date: /home/phet/formation_turtlebot/install/turtlebot3_navigation2/share/turtlebot3_navigation2/rviz
[0.550s] -- Up-to-date: /home/phet/formation_turtlebot/install/turtlebot3_navigation2/share/turtlebot3_navigation2/rviz/tb3_navigation2.rviz
[0.550s] -- Up-to-date: /home/phet/formation_turtlebot/install/turtlebot3_navigation2/share/ament_index/resource_index/package_run_dependencies/turtlebot3_navigation2
[0.550s] -- Up-to-date: /home/phet/formation_turtlebot/install/turtlebot3_navigation2/share/ament_index/resource_index/parent_prefix_path/turtlebot3_navigation2
[0.550s] -- Up-to-date: /home/phet/formation_turtlebot/install/turtlebot3_navigation2/share/turtlebot3_navigation2/environment/ament_prefix_path.sh
[0.550s] -- Up-to-date: /home/phet/formation_turtlebot/install/turtlebot3_navigation2/share/turtlebot3_navigation2/environment/ament_prefix_path.dsv
[0.550s] -- Up-to-date: /home/phet/formation_turtlebot/install/turtlebot3_navigation2/share/turtlebot3_navigation2/environment/path.sh
[0.550s] -- Up-to-date: /home/phet/formation_turtlebot/install/turtlebot3_navigation2/share/turtlebot3_navigation2/environment/path.dsv
[0.550s] -- Up-to-date: /home/phet/formation_turtlebot/install/turtlebot3_navigation2/share/turtlebot3_navigation2/local_setup.bash
[0.550s] -- Up-to-date: /home/phet/formation_turtlebot/install/turtlebot3_navigation2/share/turtlebot3_navigation2/local_setup.sh
[0.550s] -- Up-to-date: /home/phet/formation_turtlebot/install/turtlebot3_navigation2/share/turtlebot3_navigation2/local_setup.zsh
[0.550s] -- Up-to-date: /home/phet/formation_turtlebot/install/turtlebot3_navigation2/share/turtlebot3_navigation2/local_setup.dsv
[0.550s] -- Installing: /home/phet/formation_turtlebot/install/turtlebot3_navigation2/share/turtlebot3_navigation2/package.dsv
[0.550s] -- Up-to-date: /home/phet/formation_turtlebot/install/turtlebot3_navigation2/share/ament_index/resource_index/packages/turtlebot3_navigation2
[0.550s] -- Up-to-date: /home/phet/formation_turtlebot/install/turtlebot3_navigation2/share/turtlebot3_navigation2/cmake/turtlebot3_navigation2Config.cmake
[0.550s] -- Up-to-date: /home/phet/formation_turtlebot/install/turtlebot3_navigation2/share/turtlebot3_navigation2/cmake/turtlebot3_navigation2Config-version.cmake
[0.550s] -- Up-to-date: /home/phet/formation_turtlebot/install/turtlebot3_navigation2/share/turtlebot3_navigation2/package.xml
[0.587s] Invoked command in '/home/phet/formation_turtlebot/build/turtlebot3_navigation2' returned '0': CMAKE_PREFIX_PATH=${CMAKE_PREFIX_PATH}:/home/phet/formation_turtlebot/install/turtlebot3_teleop:/home/phet/formation_turtlebot/install/turtlebot3_example:/home/phet/install/examples_rclpy_minimal_action_server:/home/phet/install/examples_rclpy_minimal_action_client:/home/phet/install/examples_rclpy_guard_conditions:/home/phet/install/examples_rclpy_executors:/opt/ros/humble /usr/bin/cmake --install /home/phet/formation_turtlebot/build/turtlebot3_navigation2
